{"meta": {"format": 3, "version": "7.16.0", "timestamp": "2026-09-09T16:18:12.966430", "branch_coverage": false, "show_contexts": false}, "files": {"apps/api/selery_api/__init__.py": {"executed_lines": [], "summary": {"covered_lines": 0, "num_statements": 0, "percent_covered": 100.0, "percent_covered_display": "100", "missing_lines": 0, "excluded_lines": 0, "percent_statements_covered": 100.0, "percent_statements_covered_display": "100"}, "missing_lines": [], "excluded_lines": [], "functions": {"": {"executed_lines": [], "summary": {"covered_lines": 0, "num_statements": 0, "percent_covered": 100.0, "percent_covered_display": "100", "missing_lines": 0, "excluded_lines": 0, "percent_statements_covered": 100.0, "percent_statements_covered_display": "100"}, "missing_lines": [], "excluded_lines": [], "start_line": 1}}, "classes": {"": {"executed_lines": [], "summary": {"covered_lines": 0, "num_statements": 0, "percent_covered": 100.0, "percent_covered_display": "100", "missing_lines": 0, "excluded_lines": 0, "percent_statements_covered": 100.0, "percent_statements_covered_display": "100"}, "missing_lines": [], "excluded_lines": [], "start_line": 1}}}, "apps/api/selery_api/adapters.py": {"executed_lines": [7, 9, 10, 11, 12, 13, 14, 15, 16, 17, 18, 19, 20, 21, 23, 25, 26, 28, 29, 30, 33, 37, 38, 39, 40, 41, 42, 43, 44, 45, 46, 47, 48, 49, 51, 52, 59, 64, 65, 68, 69, 71, 72, 75, 76, 77, 78, 79, 80, 81, 82, 84, 85, 86, 87, 89, 90, 92, 93, 94, 95, 97, 99, 102, 103, 104, 105, 106, 107, 109, 111, 112, 113, 114, 116, 117, 118, 123, 124, 126, 127, 129, 131, 133, 134, 136, 137, 138, 139, 140, 141, 142, 144, 145, 146, 149, 150, 151, 152, 153, 154, 156, 157, 161, 162, 163, 164, 166, 167, 168, 169, 170, 171, 191, 192, 193, 194, 196, 197, 198, 199, 201, 202, 204, 206, 209, 210, 211, 212, 214, 215, 216, 217, 219, 221, 223, 225, 228, 229, 230, 231, 233, 234, 235, 236, 238, 239, 241, 244, 246, 247, 248, 250, 253, 254, 255, 256, 258, 259, 260, 262, 263, 264, 268, 269, 270, 271, 272, 273, 274, 275, 277, 280, 281, 282, 283, 285, 286, 289, 290, 291, 292, 293, 294, 295, 297, 298, 299, 300, 301, 305, 308, 309, 310, 311, 313, 314, 329, 331, 332, 334, 335, 336, 341, 363, 365, 366, 367, 369, 370, 371, 372, 377, 378, 379, 398, 406, 408, 409, 412, 415, 417, 418, 419, 420, 426, 427, 428, 434], "summary": {"covered_lines": 229, "num_statements": 332, "percent_covered": 68.97590361445783, "percent_covered_display": "69", "missing_lines": 103, "excluded_lines": 4, "percent_statements_covered": 68.97590361445783, "percent_statements_covered_display": "69"}, "missing_lines": [70, 83, 88, 96, 125, 132, 143, 147, 172, 173, 174, 176, 177, 178, 179, 180, 182, 183, 184, 185, 186, 187, 188, 203, 218, 222, 237, 240, 245, 276, 296, 303, 304, 315, 316, 317, 318, 319, 320, 321, 322, 323, 324, 325, 326, 342, 343, 344, 345, 346, 347, 348, 349, 350, 352, 353, 354, 355, 356, 357, 358, 380, 381, 382, 383, 384, 385, 386, 388, 389, 390, 391, 392, 393, 394, 399, 400, 401, 402, 403, 421, 422, 423, 424, 435, 436, 437, 438, 439, 440, 441, 442, 443, 444, 445, 446, 449, 450, 451, 452, 453, 455, 456], "excluded_lines": [60, 61, 62, 63], "functions": {"DataBatch.provenance": {"executed_lines": [52], "summary": {"covered_lines": 1, "num_statements": 1, "percent_covered": 100.0, "percent_covered_display": "100", "missing_lines": 0, "excluded_lines": 0, "percent_statements_covered": 100.0, "percent_statements_covered_display": "100"}, "missing_lines": [], "excluded_lines": [], "start_line": 51}, "ResearchAdapter.capabilities": {"executed_lines": [], "summary": {"covered_lines": 0, "num_statements": 0, "percent_covered": 100.0, "percent_covered_display": "100", "missing_lines": 0, "excluded_lines": 1, "percent_statements_covered": 100.0, "percent_statements_covered_display": "100"}, "missing_lines": [], "excluded_lines": [60], "start_line": 60}, "ResearchAdapter.fetch": {"executed_lines": [], "summary": {"covered_lines": 0, "num_statements": 0, "percent_covered": 100.0, "percent_covered_display": "100", "missing_lines": 0, "excluded_lines": 1, "percent_statements_covered": 100.0, "percent_statements_covered_display": "100"}, "missing_lines": [], "excluded_lines": [61], "start_line": 61}, "utc_now": {"executed_lines": [65], "summary": {"covered_lines": 1, "num_statements": 1, "percent_covered": 100.0, "percent_covered_display": "100", "missing_lines": 0, "excluded_lines": 0, "percent_statements_covered": 100.0, "percent_statements_covered_display": "100"}, "missing_lines": [], "excluded_lines": [], "start_line": 64}, "stamp": {"executed_lines": [69, 71, 72], "summary": {"covered_lines": 3, "num_statements": 4, "percent_covered": 75.0, "percent_covered_display": "75", "missing_lines": 1, "excluded_lines": 0, "percent_statements_covered": 75.0, "percent_statements_covered_display": "75"}, "missing_lines": [70], "excluded_lines": [], "start_line": 68}, "bars_from_batch": {"executed_lines": [76, 77, 78, 79, 80, 81, 82, 84, 85, 86, 87, 89, 90, 92, 93, 94, 95, 97, 99], "summary": {"covered_lines": 19, "num_statements": 22, "percent_covered": 86.36363636363636, "percent_covered_display": "86", "missing_lines": 3, "excluded_lines": 0, "percent_statements_covered": 86.36363636363636, "percent_statements_covered_display": "86"}, "missing_lines": [83, 88, 96], "excluded_lines": [], "start_line": 75}, "HttpAdapter.__init__": {"executed_lines": [111, 112, 113, 114], "summary": {"covered_lines": 4, "num_statements": 4, "percent_covered": 100.0, "percent_covered_display": "100", "missing_lines": 0, "excluded_lines": 0, "percent_statements_covered": 100.0, "percent_statements_covered_display": "100"}, "missing_lines": [], "excluded_lines": [], "start_line": 109}, "HttpAdapter.capabilities": {"executed_lines": [117, 118], "summary": {"covered_lines": 2, "num_statements": 2, "percent_covered": 100.0, "percent_covered_display": "100", "missing_lines": 0, "excluded_lines": 0, "percent_statements_covered": 100.0, "percent_statements_covered_display": "100"}, "missing_lines": [], "excluded_lines": [], "start_line": 116}, "HttpAdapter.require": {"executed_lines": [124, 126, 127], "summary": {"covered_lines": 3, "num_statements": 4, "percent_covered": 75.0, "percent_covered_display": "75", "missing_lines": 1, "excluded_lines": 0, "percent_statements_covered": 75.0, "percent_statements_covered_display": "75"}, "missing_lines": [125], "excluded_lines": [], "start_line": 123}, "HttpAdapter.get": {"executed_lines": [131, 133, 134, 136, 137, 138, 139, 140, 141, 142, 144, 145, 146, 149, 150, 151, 152, 153, 154], "summary": {"covered_lines": 19, "num_statements": 22, "percent_covered": 86.36363636363636, "percent_covered_display": "86", "missing_lines": 3, "excluded_lines": 0, "percent_statements_covered": 86.36363636363636, "percent_statements_covered_display": "86"}, "missing_lines": [132, 143, 147], "excluded_lines": [], "start_line": 129}, "HttpAdapter.batch": {"executed_lines": [157], "summary": {"covered_lines": 1, "num_statements": 1, "percent_covered": 100.0, "percent_covered_display": "100", "missing_lines": 0, "excluded_lines": 0, "percent_statements_covered": 100.0, "percent_statements_covered_display": "100"}, "missing_lines": [], "excluded_lines": [], "start_line": 156}, "FinnhubAdapter.fetch": {"executed_lines": [167, 168, 169, 170, 171], "summary": {"covered_lines": 5, "num_statements": 20, "percent_covered": 25.0, "percent_covered_display": "25", "missing_lines": 15, "excluded_lines": 0, "percent_statements_covered": 25.0, "percent_statements_covered_display": "25"}, "missing_lines": [172, 173, 174, 176, 177, 178, 179, 180, 182, 183, 184, 185, 186, 187, 188], "excluded_lines": [], "start_line": 166}, "AlphaVantageAdapter.fetch": {"executed_lines": [197, 198, 199, 201, 202, 204, 206], "summary": {"covered_lines": 7, "num_statements": 8, "percent_covered": 87.5, "percent_covered_display": "88", "missing_lines": 1, "excluded_lines": 0, "percent_statements_covered": 87.5, "percent_statements_covered_display": "88"}, "missing_lines": [203], "excluded_lines": [], "start_line": 196}, "TwelveDataAdapter.fetch": {"executed_lines": [215, 216, 217, 219, 221, 223, 225], "summary": {"covered_lines": 7, "num_statements": 9, "percent_covered": 77.77777777777777, "percent_covered_display": "78", "missing_lines": 2, "excluded_lines": 0, "percent_statements_covered": 77.77777777777777, "percent_statements_covered_display": "78"}, "missing_lines": [218, 222], "excluded_lines": [], "start_line": 214}, "FredAdapter.fetch": {"executed_lines": [234, 235, 236, 238, 239, 241, 244, 246, 247, 248, 250], "summary": {"covered_lines": 11, "num_statements": 14, "percent_covered": 78.57142857142857, "percent_covered_display": "79", "missing_lines": 3, "excluded_lines": 0, "percent_statements_covered": 78.57142857142857, "percent_statements_covered_display": "79"}, "missing_lines": [237, 240, 245], "excluded_lines": [], "start_line": 233}, "SecAdapter.__init__": {"executed_lines": [259, 260], "summary": {"covered_lines": 2, "num_statements": 2, "percent_covered": 100.0, "percent_covered_display": "100", "missing_lines": 0, "excluded_lines": 0, "percent_statements_covered": 100.0, "percent_statements_covered_display": "100"}, "missing_lines": [], "excluded_lines": [], "start_line": 258}, "SecAdapter.capabilities": {"executed_lines": [263, 264], "summary": {"covered_lines": 2, "num_statements": 2, "percent_covered": 100.0, "percent_covered_display": "100", "missing_lines": 0, "excluded_lines": 0, "percent_statements_covered": 100.0, "percent_statements_covered_display": "100"}, "missing_lines": [], "excluded_lines": [], "start_line": 262}, "SecAdapter.fetch": {"executed_lines": [269, 270, 271, 272, 273, 274, 275, 277], "summary": {"covered_lines": 8, "num_statements": 9, "percent_covered": 88.88888888888889, "percent_covered_display": "89", "missing_lines": 1, "excluded_lines": 0, "percent_statements_covered": 88.88888888888889, "percent_statements_covered_display": "89"}, "missing_lines": [276], "excluded_lines": [], "start_line": 268}, "FrenchAdapter.capabilities": {"executed_lines": [286], "summary": {"covered_lines": 1, "num_statements": 1, "percent_covered": 100.0, "percent_covered_display": "100", "missing_lines": 0, "excluded_lines": 0, "percent_statements_covered": 100.0, "percent_statements_covered_display": "100"}, "missing_lines": [], "excluded_lines": [], "start_line": 285}, "FrenchAdapter.fetch": {"executed_lines": [290, 291, 292, 293, 294, 295, 297, 298, 299, 300, 301, 305], "summary": {"covered_lines": 12, "num_statements": 15, "percent_covered": 80.0, "percent_covered_display": "80", "missing_lines": 3, "excluded_lines": 0, "percent_statements_covered": 80.0, "percent_statements_covered_display": "80"}, "missing_lines": [296, 303, 304], "excluded_lines": [], "start_line": 289}, "MassiveAdapter.fetch": {"executed_lines": [314], "summary": {"covered_lines": 1, "num_statements": 13, "percent_covered": 7.6923076923076925, "percent_covered_display": "8", "missing_lines": 12, "excluded_lines": 0, "percent_statements_covered": 7.6923076923076925, "percent_statements_covered_display": "8"}, "missing_lines": [315, 316, 317, 318, 319, 320, 321, 322, 323, 324, 325, 326], "excluded_lines": [], "start_line": 313}, "YFinanceAdapter.__init__": {"executed_lines": [332], "summary": {"covered_lines": 1, "num_statements": 1, "percent_covered": 100.0, "percent_covered_display": "100", "missing_lines": 0, "excluded_lines": 0, "percent_statements_covered": 100.0, "percent_statements_covered_display": "100"}, "missing_lines": [], "excluded_lines": [], "start_line": 331}, "YFinanceAdapter.capabilities": {"executed_lines": [335, 336], "summary": {"covered_lines": 2, "num_statements": 2, "percent_covered": 100.0, "percent_covered_display": "100", "missing_lines": 0, "excluded_lines": 0, "percent_statements_covered": 100.0, "percent_statements_covered_display": "100"}, "missing_lines": [], "excluded_lines": [], "start_line": 334}, "YFinanceAdapter.fetch": {"executed_lines": [], "summary": {"covered_lines": 0, "num_statements": 12, "percent_covered": 0.0, "percent_covered_display": "0", "missing_lines": 12, "excluded_lines": 0, "percent_statements_covered": 0.0, "percent_statements_covered_display": "0"}, "missing_lines": [342, 343, 344, 345, 346, 352, 353, 354, 355, 356, 357, 358], "excluded_lines": [], "start_line": 341}, "YFinanceAdapter.fetch.read": {"executed_lines": [], "summary": {"covered_lines": 0, "num_statements": 4, "percent_covered": 0.0, "percent_covered_display": "0", "missing_lines": 4, "excluded_lines": 0, "percent_statements_covered": 0.0, "percent_statements_covered_display": "0"}, "missing_lines": [347, 348, 349, 350], "excluded_lines": [], "start_line": 346}, "DatabentoAdapter.__init__": {"executed_lines": [366, 367], "summary": {"covered_lines": 2, "num_statements": 2, "percent_covered": 100.0, "percent_covered_display": "100", "missing_lines": 0, "excluded_lines": 0, "percent_statements_covered": 100.0, "percent_statements_covered_display": "100"}, "missing_lines": [], "excluded_lines": [], "start_line": 365}, "DatabentoAdapter.capabilities": {"executed_lines": [370, 371, 372], "summary": {"covered_lines": 3, "num_statements": 3, "percent_covered": 100.0, "percent_covered_display": "100", "missing_lines": 0, "excluded_lines": 0, "percent_statements_covered": 100.0, "percent_statements_covered_display": "100"}, "missing_lines": [], "excluded_lines": [], "start_line": 369}, "DatabentoAdapter.fetch": {"executed_lines": [378, 379], "summary": {"covered_lines": 2, "num_statements": 12, "percent_covered": 16.666666666666668, "percent_covered_display": "17", "missing_lines": 10, "excluded_lines": 0, "percent_statements_covered": 16.666666666666668, "percent_statements_covered_display": "17"}, "missing_lines": [380, 381, 382, 388, 389, 390, 391, 392, 393, 394], "excluded_lines": [], "start_line": 377}, "DatabentoAdapter.fetch.read": {"executed_lines": [], "summary": {"covered_lines": 0, "num_statements": 4, "percent_covered": 0.0, "percent_covered_display": "0", "missing_lines": 4, "excluded_lines": 0, "percent_statements_covered": 0.0, "percent_statements_covered_display": "0"}, "missing_lines": [383, 384, 385, 386], "excluded_lines": [], "start_line": 382}, "query_range": {"executed_lines": [], "summary": {"covered_lines": 0, "num_statements": 5, "percent_covered": 0.0, "percent_covered_display": "0", "missing_lines": 5, "excluded_lines": 0, "percent_statements_covered": 0.0, "percent_statements_covered_display": "0"}, "missing_lines": [399, 400, 401, 402, 403], "excluded_lines": [], "start_line": 398}, "provider_catalog": {"executed_lines": [408, 409, 412], "summary": {"covered_lines": 3, "num_statements": 3, "percent_covered": 100.0, "percent_covered_display": "100", "missing_lines": 0, "excluded_lines": 0, "percent_statements_covered": 100.0, "percent_statements_covered_display": "100"}, "missing_lines": [], "excluded_lines": [], "start_line": 406}, "AlpacaHistoricalSIPAdapter.__init__": {"executed_lines": [418, 419, 420], "summary": {"covered_lines": 3, "num_statements": 7, "percent_covered": 42.857142857142854, "percent_covered_display": "43", "missing_lines": 4, "excluded_lines": 0, "percent_statements_covered": 42.857142857142854, "percent_statements_covered_display": "43"}, "missing_lines": [421, 422, 423, 424], "excluded_lines": [], "start_line": 417}, "AlpacaHistoricalSIPAdapter.capabilities": {"executed_lines": [427, 428], "summary": {"covered_lines": 2, "num_statements": 2, "percent_covered": 100.0, "percent_covered_display": "100", "missing_lines": 0, "excluded_lines": 0, "percent_statements_covered": 100.0, "percent_statements_covered_display": "100"}, "missing_lines": [], "excluded_lines": [], "start_line": 426}, "AlpacaHistoricalSIPAdapter.fetch": {"executed_lines": [], "summary": {"covered_lines": 0, "num_statements": 19, "percent_covered": 0.0, "percent_covered_display": "0", "missing_lines": 19, "excluded_lines": 0, "percent_statements_covered": 0.0, "percent_statements_covered_display": "0"}, "missing_lines": [435, 436, 437, 438, 439, 440, 441, 442, 443, 444, 445, 446, 449, 450, 451, 452, 453, 455, 456], "excluded_lines": [], "start_line": 434}, "": {"executed_lines": [7, 9, 10, 11, 12, 13, 14, 15, 16, 17, 18, 19, 20, 21, 23, 25, 26, 28, 29, 30, 33, 37, 38, 39, 40, 41, 42, 43, 44, 45, 46, 47, 48, 49, 51, 59, 64, 68, 75, 102, 103, 104, 105, 106, 107, 109, 116, 123, 129, 156, 161, 162, 163, 164, 166, 191, 192, 193, 194, 196, 209, 210, 211, 212, 214, 228, 229, 230, 231, 233, 253, 254, 255, 256, 258, 262, 268, 280, 281, 282, 283, 285, 289, 308, 309, 310, 311, 313, 329, 331, 334, 341, 363, 365, 369, 377, 398, 406, 415, 417, 426, 434], "summary": {"covered_lines": 102, "num_statements": 102, "percent_covered": 100.0, "percent_covered_display": "100", "missing_lines": 0, "excluded_lines": 2, "percent_statements_covered": 100.0, "percent_statements_covered_display": "100"}, "missing_lines": [], "excluded_lines": [62, 63], "start_line": 1}}, "classes": {"DataUnavailable": {"executed_lines": [], "summary": {"covered_lines": 0, "num_statements": 0, "percent_covered": 100.0, "percent_covered_display": "100", "missing_lines": 0, "excluded_lines": 0, "percent_statements_covered": 100.0, "percent_statements_covered_display": "100"}, "missing_lines": [], "excluded_lines": [], "start_line": 33}, "DataBatch": {"executed_lines": [52], "summary": {"covered_lines": 1, "num_statements": 1, "percent_covered": 100.0, "percent_covered_display": "100", "missing_lines": 0, "excluded_lines": 0, "percent_statements_covered": 100.0, "percent_statements_covered_display": "100"}, "missing_lines": [], "excluded_lines": [], "start_line": 38}, "ResearchAdapter": {"executed_lines": [], "summary": {"covered_lines": 0, "num_statements": 0, "percent_covered": 100.0, "percent_covered_display": "100", "missing_lines": 0, "excluded_lines": 2, "percent_statements_covered": 100.0, "percent_statements_covered_display": "100"}, "missing_lines": [], "excluded_lines": [60, 61], "start_line": 59}, "HttpAdapter": {"executed_lines": [111, 112, 113, 114, 117, 118, 124, 126, 127, 131, 133, 134, 136, 137, 138, 139, 140, 141, 142, 144, 145, 146, 149, 150, 151, 152, 153, 154, 157], "summary": {"covered_lines": 29, "num_statements": 33, "percent_covered": 87.87878787878788, "percent_covered_display": "88", "missing_lines": 4, "excluded_lines": 0, "percent_statements_covered": 87.87878787878788, "percent_statements_covered_display": "88"}, "missing_lines": [125, 132, 143, 147], "excluded_lines": [], "start_line": 102}, "FinnhubAdapter": {"executed_lines": [167, 168, 169, 170, 171], "summary": {"covered_lines": 5, "num_statements": 20, "percent_covered": 25.0, "percent_covered_display": "25", "missing_lines": 15, "excluded_lines": 0, "percent_statements_covered": 25.0, "percent_statements_covered_display": "25"}, "missing_lines": [172, 173, 174, 176, 177, 178, 179, 180, 182, 183, 184, 185, 186, 187, 188], "excluded_lines": [], "start_line": 161}, "AlphaVantageAdapter": {"executed_lines": [197, 198, 199, 201, 202, 204, 206], "summary": {"covered_lines": 7, "num_statements": 8, "percent_covered": 87.5, "percent_covered_display": "88", "missing_lines": 1, "excluded_lines": 0, "percent_statements_covered": 87.5, "percent_statements_covered_display": "88"}, "missing_lines": [203], "excluded_lines": [], "start_line": 191}, "TwelveDataAdapter": {"executed_lines": [215, 216, 217, 219, 221, 223, 225], "summary": {"covered_lines": 7, "num_statements": 9, "percent_covered": 77.77777777777777, "percent_covered_display": "78", "missing_lines": 2, "excluded_lines": 0, "percent_statements_covered": 77.77777777777777, "percent_statements_covered_display": "78"}, "missing_lines": [218, 222], "excluded_lines": [], "start_line": 209}, "FredAdapter": {"executed_lines": [234, 235, 236, 238, 239, 241, 244, 246, 247, 248, 250], "summary": {"covered_lines": 11, "num_statements": 14, "percent_covered": 78.57142857142857, "percent_covered_display": "79", "missing_lines": 3, "excluded_lines": 0, "percent_statements_covered": 78.57142857142857, "percent_statements_covered_display": "79"}, "missing_lines": [237, 240, 245], "excluded_lines": [], "start_line": 228}, "SecAdapter": {"executed_lines": [259, 260, 263, 264, 269, 270, 271, 272, 273, 274, 275, 277], "summary": {"covered_lines": 12, "num_statements": 13, "percent_covered": 92.3076923076923, "percent_covered_display": "92", "missing_lines": 1, "excluded_lines": 0, "percent_statements_covered": 92.3076923076923, "percent_statements_covered_display": "92"}, "missing_lines": [276], "excluded_lines": [], "start_line": 253}, "FrenchAdapter": {"executed_lines": [286, 290, 291, 292, 293, 294, 295, 297, 298, 299, 300, 301, 305], "summary": {"covered_lines": 13, "num_statements": 16, "percent_covered": 81.25, "percent_covered_display": "81", "missing_lines": 3, "excluded_lines": 0, "percent_statements_covered": 81.25, "percent_statements_covered_display": "81"}, "missing_lines": [296, 303, 304], "excluded_lines": [], "start_line": 280}, "MassiveAdapter": {"executed_lines": [314], "summary": {"covered_lines": 1, "num_statements": 13, "percent_covered": 7.6923076923076925, "percent_covered_display": "8", "missing_lines": 12, "excluded_lines": 0, "percent_statements_covered": 7.6923076923076925, "percent_statements_covered_display": "8"}, "missing_lines": [315, 316, 317, 318, 319, 320, 321, 322, 323, 324, 325, 326], "excluded_lines": [], "start_line": 308}, "YFinanceAdapter": {"executed_lines": [332, 335, 336], "summary": {"covered_lines": 3, "num_statements": 19, "percent_covered": 15.789473684210526, "percent_covered_display": "16", "missing_lines": 16, "excluded_lines": 0, "percent_statements_covered": 15.789473684210526, "percent_statements_covered_display": "16"}, "missing_lines": [342, 343, 344, 345, 346, 347, 348, 349, 350, 352, 353, 354, 355, 356, 357, 358], "excluded_lines": [], "start_line": 329}, "DatabentoAdapter": {"executed_lines": [366, 367, 370, 371, 372, 378, 379], "summary": {"covered_lines": 7, "num_statements": 21, "percent_covered": 33.333333333333336, "percent_covered_display": "33", "missing_lines": 14, "excluded_lines": 0, "percent_statements_covered": 33.333333333333336, "percent_statements_covered_display": "33"}, "missing_lines": [380, 381, 382, 383, 384, 385, 386, 388, 389, 390, 391, 392, 393, 394], "excluded_lines": [], "start_line": 363}, "AlpacaHistoricalSIPAdapter": {"executed_lines": [418, 419, 420, 427, 428], "summary": {"covered_lines": 5, "num_statements": 28, "percent_covered": 17.857142857142858, "percent_covered_display": "18", "missing_lines": 23, "excluded_lines": 0, "percent_statements_covered": 17.857142857142858, "percent_statements_covered_display": "18"}, "missing_lines": [421, 422, 423, 424, 435, 436, 437, 438, 439, 440, 441, 442, 443, 444, 445, 446, 449, 450, 451, 452, 453, 455, 456], "excluded_lines": [], "start_line": 415}, "": {"executed_lines": [7, 9, 10, 11, 12, 13, 14, 15, 16, 17, 18, 19, 20, 21, 23, 25, 26, 28, 29, 30, 33, 37, 38, 39, 40, 41, 42, 43, 44, 45, 46, 47, 48, 49, 51, 59, 64, 65, 68, 69, 71, 72, 75, 76, 77, 78, 79, 80, 81, 82, 84, 85, 86, 87, 89, 90, 92, 93, 94, 95, 97, 99, 102, 103, 104, 105, 106, 107, 109, 116, 123, 129, 156, 161, 162, 163, 164, 166, 191, 192, 193, 194, 196, 209, 210, 211, 212, 214, 228, 229, 230, 231, 233, 253, 254, 255, 256, 258, 262, 268, 280, 281, 282, 283, 285, 289, 308, 309, 310, 311, 313, 329, 331, 334, 341, 363, 365, 369, 377, 398, 406, 408, 409, 412, 415, 417, 426, 434], "summary": {"covered_lines": 128, "num_statements": 137, "percent_covered": 93.43065693430657, "percent_covered_display": "93", "missing_lines": 9, "excluded_lines": 2, "percent_statements_covered": 93.43065693430657, "percent_statements_covered_display": "93"}, "missing_lines": [70, 83, 88, 96, 399, 400, 401, 402, 403], "excluded_lines": [62, 63], "start_line": 1}}}, "apps/api/selery_api/assistant.py": {"executed_lines": [2, 3, 4, 5, 6, 7, 8, 10, 12, 13, 14, 15, 16, 17, 18, 19, 21, 22, 25, 27, 28, 30, 31, 32, 33, 35, 36, 37, 38, 39, 40, 41, 42, 43, 47, 48, 49, 53, 54, 55, 56, 57, 58, 59, 61], "summary": {"covered_lines": 45, "num_statements": 63, "percent_covered": 71.42857142857143, "percent_covered_display": "71", "missing_lines": 18, "excluded_lines": 0, "percent_statements_covered": 71.42857142857143, "percent_statements_covered_display": "71"}, "missing_lines": [23, 45, 46, 50, 51, 62, 63, 64, 65, 66, 67, 68, 69, 70, 71, 72, 73, 74], "excluded_lines": [], "functions": {"LlmConfig.load": {"executed_lines": [], "summary": {"covered_lines": 0, "num_statements": 1, "percent_covered": 0.0, "percent_covered_display": "0", "missing_lines": 1, "excluded_lines": 0, "percent_statements_covered": 0.0, "percent_statements_covered_display": "0"}, "missing_lines": [23], "excluded_lines": [], "start_line": 22}, "LlmConfig.active": {"executed_lines": [25], "summary": {"covered_lines": 1, "num_statements": 1, "percent_covered": 100.0, "percent_covered_display": "100", "missing_lines": 0, "excluded_lines": 0, "percent_statements_covered": 100.0, "percent_statements_covered_display": "100"}, "missing_lines": [], "excluded_lines": [], "start_line": 25}, "BoundedAssistant.__init__": {"executed_lines": [28], "summary": {"covered_lines": 1, "num_statements": 1, "percent_covered": 100.0, "percent_covered_display": "100", "missing_lines": 0, "excluded_lines": 0, "percent_statements_covered": 100.0, "percent_statements_covered_display": "100"}, "missing_lines": [], "excluded_lines": [], "start_line": 28}, "BoundedAssistant.complete": {"executed_lines": [31, 32, 33, 35, 36, 37, 38, 39, 40, 41, 42, 43, 47, 48, 49, 53, 54, 55, 56, 57, 58, 59], "summary": {"covered_lines": 22, "num_statements": 26, "percent_covered": 84.61538461538461, "percent_covered_display": "85", "missing_lines": 4, "excluded_lines": 0, "percent_statements_covered": 84.61538461538461, "percent_statements_covered_display": "85"}, "missing_lines": [45, 46, 50, 51], "excluded_lines": [], "start_line": 30}, "BoundedAssistant.research": {"executed_lines": [], "summary": {"covered_lines": 0, "num_statements": 13, "percent_covered": 0.0, "percent_covered_display": "0", "missing_lines": 13, "excluded_lines": 0, "percent_statements_covered": 0.0, "percent_statements_covered_display": "0"}, "missing_lines": [62, 63, 64, 65, 66, 67, 68, 69, 70, 71, 72, 73, 74], "excluded_lines": [], "start_line": 61}, "": {"executed_lines": [2, 3, 4, 5, 6, 7, 8, 10, 12, 13, 14, 15, 16, 17, 18, 19, 21, 22, 27, 30, 61], "summary": {"covered_lines": 21, "num_statements": 21, "percent_covered": 100.0, "percent_covered_display": "100", "missing_lines": 0, "excluded_lines": 0, "percent_statements_covered": 100.0, "percent_statements_covered_display": "100"}, "missing_lines": [], "excluded_lines": [], "start_line": 1}}, "classes": {"LlmConfig": {"executed_lines": [25], "summary": {"covered_lines": 1, "num_statements": 2, "percent_covered": 50.0, "percent_covered_display": "50", "missing_lines": 1, "excluded_lines": 0, "percent_statements_covered": 50.0, "percent_statements_covered_display": "50"}, "missing_lines": [23], "excluded_lines": [], "start_line": 13}, "BoundedAssistant": {"executed_lines": [28, 31, 32, 33, 35, 36, 37, 38, 39, 40, 41, 42, 43, 47, 48, 49, 53, 54, 55, 56, 57, 58, 59], "summary": {"covered_lines": 23, "num_statements": 40, "percent_covered": 57.5, "percent_covered_display": "58", "missing_lines": 17, "excluded_lines": 0, "percent_statements_covered": 57.5, "percent_statements_covered_display": "58"}, "missing_lines": [45, 46, 50, 51, 62, 63, 64, 65, 66, 67, 68, 69, 70, 71, 72, 73, 74], "excluded_lines": [], "start_line": 27}, "": {"executed_lines": [2, 3, 4, 5, 6, 7, 8, 10, 12, 13, 14, 15, 16, 17, 18, 19, 21, 22, 27, 30, 61], "summary": {"covered_lines": 21, "num_statements": 21, "percent_covered": 100.0, "percent_covered_display": "100", "missing_lines": 0, "excluded_lines": 0, "percent_statements_covered": 100.0, "percent_statements_covered_display": "100"}, "missing_lines": [], "excluded_lines": [], "start_line": 1}}}, "apps/api/selery_api/auth.py": {"executed_lines": [1, 2, 3, 4, 5, 6, 7, 8, 10, 11, 12, 13, 14, 15, 17, 18, 19, 20, 21, 22, 23, 24, 25, 26, 27, 29, 30, 31, 32, 33, 34, 35, 37, 38, 39, 40, 41, 42, 43, 45, 46, 47, 48, 49, 50, 52, 53, 54], "summary": {"covered_lines": 48, "num_statements": 48, "percent_covered": 100.0, "percent_covered_display": "100", "missing_lines": 0, "excluded_lines": 0, "percent_statements_covered": 100.0, "percent_statements_covered_display": "100"}, "missing_lines": [], "excluded_lines": [], "functions": {"Auth.__init__": {"executed_lines": [12, 13, 14, 15], "summary": {"covered_lines": 4, "num_statements": 4, "percent_covered": 100.0, "percent_covered_display": "100", "missing_lines": 0, "excluded_lines": 0, "percent_statements_covered": 100.0, "percent_statements_covered_display": "100"}, "missing_lines": [], "excluded_lines": [], "start_line": 11}, "Auth.login": {"executed_lines": [18, 19, 20, 21, 22, 23, 24, 25, 26, 27], "summary": {"covered_lines": 10, "num_statements": 10, "percent_covered": 100.0, "percent_covered_display": "100", "missing_lines": 0, "excluded_lines": 0, "percent_statements_covered": 100.0, "percent_statements_covered_display": "100"}, "missing_lines": [], "excluded_lines": [], "start_line": 17}, "Auth.verify": {"executed_lines": [30, 31, 32, 33, 34, 35], "summary": {"covered_lines": 6, "num_statements": 6, "percent_covered": 100.0, "percent_covered_display": "100", "missing_lines": 0, "excluded_lines": 0, "percent_statements_covered": 100.0, "percent_statements_covered_display": "100"}, "missing_lines": [], "excluded_lines": [], "start_line": 29}, "Auth.require": {"executed_lines": [38, 39, 40, 41, 42, 43], "summary": {"covered_lines": 6, "num_statements": 6, "percent_covered": 100.0, "percent_covered_display": "100", "missing_lines": 0, "excluded_lines": 0, "percent_statements_covered": 100.0, "percent_statements_covered_display": "100"}, "missing_lines": [], "excluded_lines": [], "start_line": 37}, "Auth.stream_ticket": {"executed_lines": [46, 47, 48, 49, 50], "summary": {"covered_lines": 5, "num_statements": 5, "percent_covered": 100.0, "percent_covered_display": "100", "missing_lines": 0, "excluded_lines": 0, "percent_statements_covered": 100.0, "percent_statements_covered_display": "100"}, "missing_lines": [], "excluded_lines": [], "start_line": 45}, "Auth.consume_ticket": {"executed_lines": [53, 54], "summary": {"covered_lines": 2, "num_statements": 2, "percent_covered": 100.0, "percent_covered_display": "100", "missing_lines": 0, "excluded_lines": 0, "percent_statements_covered": 100.0, "percent_statements_covered_display": "100"}, "missing_lines": [], "excluded_lines": [], "start_line": 52}, "": {"executed_lines": [1, 2, 3, 4, 5, 6, 7, 8, 10, 11, 17, 29, 37, 45, 52], "summary": {"covered_lines": 15, "num_statements": 15, "percent_covered": 100.0, "percent_covered_display": "100", "missing_lines": 0, "excluded_lines": 0, "percent_statements_covered": 100.0, "percent_statements_covered_display": "100"}, "missing_lines": [], "excluded_lines": [], "start_line": 1}}, "classes": {"Auth": {"executed_lines": [12, 13, 14, 15, 18, 19, 20, 21, 22, 23, 24, 25, 26, 27, 30, 31, 32, 33, 34, 35, 38, 39, 40, 41, 42, 43, 46, 47, 48, 49, 50, 53, 54], "summary": {"covered_lines": 33, "num_statements": 33, "percent_covered": 100.0, "percent_covered_display": "100", "missing_lines": 0, "excluded_lines": 0, "percent_statements_covered": 100.0, "percent_statements_covered_display": "100"}, "missing_lines": [], "excluded_lines": [], "start_line": 10}, "": {"executed_lines": [1, 2, 3, 4, 5, 6, 7, 8, 10, 11, 17, 29, 37, 45, 52], "summary": {"covered_lines": 15, "num_statements": 15, "percent_covered": 100.0, "percent_covered_display": "100", "missing_lines": 0, "excluded_lines": 0, "percent_statements_covered": 100.0, "percent_statements_covered_display": "100"}, "missing_lines": [], "excluded_lines": [], "start_line": 1}}}, "apps/api/selery_api/config.py": {"executed_lines": [1, 2, 3, 4, 5, 7, 8, 10, 11, 12, 13, 14, 15, 16, 17, 18, 19, 20, 22, 23, 24, 25, 26, 27], "summary": {"covered_lines": 24, "num_statements": 31, "percent_covered": 77.41935483870968, "percent_covered_display": "77", "missing_lines": 7, "excluded_lines": 0, "percent_statements_covered": 77.41935483870968, "percent_statements_covered_display": "77"}, "missing_lines": [28, 29, 30, 31, 32, 33, 34], "excluded_lines": [], "functions": {"Config.load": {"executed_lines": [24, 25, 26, 27], "summary": {"covered_lines": 4, "num_statements": 11, "percent_covered": 36.36363636363637, "percent_covered_display": "36", "missing_lines": 7, "excluded_lines": 0, "percent_statements_covered": 36.36363636363637, "percent_statements_covered_display": "36"}, "missing_lines": [28, 29, 30, 31, 32, 33, 34], "excluded_lines": [], "start_line": 23}, "": {"executed_lines": [1, 2, 3, 4, 5, 7, 8, 10, 11, 12, 13, 14, 15, 16, 17, 18, 19, 20, 22, 23], "summary": {"covered_lines": 20, "num_statements": 20, "percent_covered": 100.0, "percent_covered_display": "100", "missing_lines": 0, "excluded_lines": 0, "percent_statements_covered": 100.0, "percent_statements_covered_display": "100"}, "missing_lines": [], "excluded_lines": [], "start_line": 1}}, "classes": {"Config": {"executed_lines": [24, 25, 26, 27], "summary": {"covered_lines": 4, "num_statements": 11, "percent_covered": 36.36363636363637, "percent_covered_display": "36", "missing_lines": 7, "excluded_lines": 0, "percent_statements_covered": 36.36363636363637, "percent_statements_covered_display": "36"}, "missing_lines": [28, 29, 30, 31, 32, 33, 34], "excluded_lines": [], "start_line": 11}, "": {"executed_lines": [1, 2, 3, 4, 5, 7, 8, 10, 11, 12, 13, 14, 15, 16, 17, 18, 19, 20, 22, 23], "summary": {"covered_lines": 20, "num_statements": 20, "percent_covered": 100.0, "percent_covered_display": "100", "missing_lines": 0, "excluded_lines": 0, "percent_statements_covered": 100.0, "percent_statements_covered_display": "100"}, "missing_lines": [], "excluded_lines": [], "start_line": 1}}}, "apps/api/selery_api/domain.py": {"executed_lines": [2, 4, 5, 6, 7, 8, 10, 11, 13, 14, 15, 16, 17, 18, 33, 34, 35, 36, 37, 38, 39, 40, 41, 43, 44, 45, 47, 49, 50, 51, 54, 55, 58, 59, 60, 61, 62, 63, 65, 66, 70, 71, 72, 73, 74, 76, 77, 81, 82, 85, 86, 88, 89, 90, 91, 92, 93, 94, 97, 99, 100, 101, 102, 103, 105, 106, 108, 109, 116, 117, 118, 119, 120, 122, 123, 124, 125, 127, 128, 129, 130, 131, 132, 139, 141, 143, 145, 147, 150, 151, 157, 159, 160, 162, 163, 164, 165, 172, 173, 174, 175, 176, 177, 178, 179, 181, 183, 184, 185, 186, 187, 191, 193, 195, 196, 197, 199, 200, 205, 207, 213, 214, 216, 217, 220, 223, 228, 229, 231, 232, 236], "summary": {"covered_lines": 131, "num_statements": 151, "percent_covered": 86.75496688741723, "percent_covered_display": "87", "missing_lines": 20, "excluded_lines": 0, "percent_statements_covered": 86.75496688741723, "percent_statements_covered_display": "87"}, "missing_lines": [46, 48, 52, 67, 78, 87, 104, 121, 126, 142, 144, 146, 161, 180, 182, 194, 198, 230, 233, 234], "excluded_lines": [], "functions": {"Source.__post_init__": {"executed_lines": [44, 45, 47, 49, 50, 51], "summary": {"covered_lines": 6, "num_statements": 9, "percent_covered": 66.66666666666667, "percent_covered_display": "67", "missing_lines": 3, "excluded_lines": 0, "percent_statements_covered": 66.66666666666667, "percent_statements_covered_display": "67"}, "missing_lines": [46, 48, 52], "excluded_lines": [], "start_line": 43}, "Source.public": {"executed_lines": [55], "summary": {"covered_lines": 1, "num_statements": 1, "percent_covered": 100.0, "percent_covered_display": "100", "missing_lines": 0, "excluded_lines": 0, "percent_statements_covered": 100.0, "percent_statements_covered_display": "100"}, "missing_lines": [], "excluded_lines": [], "start_line": 54}, "TimedValue.__post_init__": {"executed_lines": [66], "summary": {"covered_lines": 1, "num_statements": 2, "percent_covered": 50.0, "percent_covered_display": "50", "missing_lines": 1, "excluded_lines": 0, "percent_statements_covered": 50.0, "percent_statements_covered_display": "50"}, "missing_lines": [67], "excluded_lines": [], "start_line": 65}, "Constituent.__post_init__": {"executed_lines": [77], "summary": {"covered_lines": 1, "num_statements": 2, "percent_covered": 50.0, "percent_covered_display": "50", "missing_lines": 1, "excluded_lines": 0, "percent_statements_covered": 50.0, "percent_statements_covered_display": "50"}, "missing_lines": [78], "excluded_lines": [], "start_line": 76}, "unavailable": {"executed_lines": [82], "summary": {"covered_lines": 1, "num_statements": 1, "percent_covered": 100.0, "percent_covered_display": "100", "missing_lines": 0, "excluded_lines": 0, "percent_statements_covered": 100.0, "percent_statements_covered_display": "100"}, "missing_lines": [], "excluded_lines": [], "start_line": 81}, "availability": {"executed_lines": [86, 88, 89, 90, 91, 92, 93, 94], "summary": {"covered_lines": 8, "num_statements": 9, "percent_covered": 88.88888888888889, "percent_covered_display": "89", "missing_lines": 1, "excluded_lines": 0, "percent_statements_covered": 88.88888888888889, "percent_statements_covered_display": "89"}, "missing_lines": [87], "excluded_lines": [], "start_line": 85}, "nav_premium": {"executed_lines": [99, 100, 101, 102, 103, 105, 106, 108, 109], "summary": {"covered_lines": 9, "num_statements": 10, "percent_covered": 90.0, "percent_covered_display": "90", "missing_lines": 1, "excluded_lines": 0, "percent_statements_covered": 90.0, "percent_statements_covered_display": "90"}, "missing_lines": [104], "excluded_lines": [], "start_line": 97}, "constituent_summary": {"executed_lines": [117, 118, 119, 120, 122, 123, 124, 125, 127, 128, 129, 130, 131, 132], "summary": {"covered_lines": 14, "num_statements": 16, "percent_covered": 87.5, "percent_covered_display": "88", "missing_lines": 2, "excluded_lines": 0, "percent_statements_covered": 87.5, "percent_statements_covered_display": "88"}, "missing_lines": [121, 126], "excluded_lines": [], "start_line": 116}, "weighted_contributions": {"executed_lines": [141, 143, 145, 147, 150, 151], "summary": {"covered_lines": 6, "num_statements": 9, "percent_covered": 66.66666666666667, "percent_covered_display": "67", "missing_lines": 3, "excluded_lines": 0, "percent_statements_covered": 66.66666666666667, "percent_statements_covered_display": "67"}, "missing_lines": [142, 144, 146], "excluded_lines": [], "start_line": 139}, "iv_expected_move": {"executed_lines": [159, 160, 162, 163, 164, 165], "summary": {"covered_lines": 6, "num_statements": 7, "percent_covered": 85.71428571428571, "percent_covered_display": "86", "missing_lines": 1, "excluded_lines": 0, "percent_statements_covered": 85.71428571428571, "percent_statements_covered_display": "86"}, "missing_lines": [161], "excluded_lines": [], "start_line": 157}, "options_context": {"executed_lines": [173, 174, 175, 176, 177, 178, 179, 181, 183, 184, 185, 186, 187], "summary": {"covered_lines": 13, "num_statements": 15, "percent_covered": 86.66666666666667, "percent_covered_display": "87", "missing_lines": 2, "excluded_lines": 0, "percent_statements_covered": 86.66666666666667, "percent_statements_covered_display": "87"}, "missing_lines": [180, 182], "excluded_lines": [], "start_line": 172}, "atm_straddle_proxy": {"executed_lines": [193, 195, 196, 197, 199, 200], "summary": {"covered_lines": 6, "num_statements": 8, "percent_covered": 75.0, "percent_covered_display": "75", "missing_lines": 2, "excluded_lines": 0, "percent_statements_covered": 75.0, "percent_statements_covered_display": "75"}, "missing_lines": [194, 198], "excluded_lines": [], "start_line": 191}, "cost_context": {"executed_lines": [207, 213, 214, 216, 217, 220], "summary": {"covered_lines": 6, "num_statements": 6, "percent_covered": 100.0, "percent_covered_display": "100", "missing_lines": 0, "excluded_lines": 0, "percent_statements_covered": 100.0, "percent_statements_covered_display": "100"}, "missing_lines": [], "excluded_lines": [], "start_line": 205}, "spy_snapshot": {"executed_lines": [228, 229, 231, 232, 236], "summary": {"covered_lines": 5, "num_statements": 8, "percent_covered": 62.5, "percent_covered_display": "62", "missing_lines": 3, "excluded_lines": 0, "percent_statements_covered": 62.5, "percent_statements_covered_display": "62"}, "missing_lines": [230, 233, 234], "excluded_lines": [], "start_line": 223}, "": {"executed_lines": [2, 4, 5, 6, 7, 8, 10, 11, 13, 14, 15, 16, 17, 18, 33, 34, 35, 36, 37, 38, 39, 40, 41, 43, 54, 58, 59, 60, 61, 62, 63, 65, 70, 71, 72, 73, 74, 76, 81, 85, 97, 116, 139, 157, 172, 191, 205, 223], "summary": {"covered_lines": 48, "num_statements": 48, "percent_covered": 100.0, "percent_covered_display": "100", "missing_lines": 0, "excluded_lines": 0, "percent_statements_covered": 100.0, "percent_statements_covered_display": "100"}, "missing_lines": [], "excluded_lines": [], "start_line": 1}}, "classes": {"Source": {"executed_lines": [44, 45, 47, 49, 50, 51, 55], "summary": {"covered_lines": 7, "num_statements": 10, "percent_covered": 70.0, "percent_covered_display": "70", "missing_lines": 3, "excluded_lines": 0, "percent_statements_covered": 70.0, "percent_statements_covered_display": "70"}, "missing_lines": [46, 48, 52], "excluded_lines": [], "start_line": 34}, "TimedValue": {"executed_lines": [66], "summary": {"covered_lines": 1, "num_statements": 2, "percent_covered": 50.0, "percent_covered_display": "50", "missing_lines": 1, "excluded_lines": 0, "percent_statements_covered": 50.0, "percent_statements_covered_display": "50"}, "missing_lines": [67], "excluded_lines": [], "start_line": 59}, "Constituent": {"executed_lines": [77], "summary": {"covered_lines": 1, "num_statements": 2, "percent_covered": 50.0, "percent_covered_display": "50", "missing_lines": 1, "excluded_lines": 0, "percent_statements_covered": 50.0, "percent_statements_covered_display": "50"}, "missing_lines": [78], "excluded_lines": [], "start_line": 71}, "": {"executed_lines": [2, 4, 5, 6, 7, 8, 10, 11, 13, 14, 15, 16, 17, 18, 33, 34, 35, 36, 37, 38, 39, 40, 41, 43, 54, 58, 59, 60, 61, 62, 63, 65, 70, 71, 72, 73, 74, 76, 81, 82, 85, 86, 88, 89, 90, 91, 92, 93, 94, 97, 99, 100, 101, 102, 103, 105, 106, 108, 109, 116, 117, 118, 119, 120, 122, 123, 124, 125, 127, 128, 129, 130, 131, 132, 139, 141, 143, 145, 147, 150, 151, 157, 159, 160, 162, 163, 164, 165, 172, 173, 174, 175, 176, 177, 178, 179, 181, 183, 184, 185, 186, 187, 191, 193, 195, 196, 197, 199, 200, 205, 207, 213, 214, 216, 217, 220, 223, 228, 229, 231, 232, 236], "summary": {"covered_lines": 122, "num_statements": 137, "percent_covered": 89.05109489051095, "percent_covered_display": "89", "missing_lines": 15, "excluded_lines": 0, "percent_statements_covered": 89.05109489051095, "percent_statements_covered_display": "89"}, "missing_lines": [87, 104, 121, 126, 142, 144, 146, 161, 180, 182, 194, 198, 230, 233, 234], "excluded_lines": [], "start_line": 1}}}, "apps/api/selery_api/ingestion.py": {"executed_lines": [2, 4, 5, 6, 7, 8, 9, 10, 11, 13, 14, 16, 17, 18, 20, 23, 25, 26, 27, 29, 30, 32, 33, 34, 35, 36, 37, 38, 40, 41, 42, 43, 44, 45, 47, 48, 49, 50, 51, 52, 53, 54, 55, 57, 60, 62, 63, 64, 65, 66, 67, 68, 71, 72, 74, 75, 78, 79, 80, 81, 82, 83, 86, 88, 89, 90, 92, 93, 94, 96, 97, 100, 102, 104, 107, 108, 109, 110, 111], "summary": {"covered_lines": 79, "num_statements": 87, "percent_covered": 90.80459770114942, "percent_covered_display": "91", "missing_lines": 8, "excluded_lines": 0, "percent_statements_covered": 90.80459770114942, "percent_statements_covered_display": "91"}, "missing_lines": [39, 56, 69, 70, 84, 85, 87, 103], "excluded_lines": [], "functions": {"RawArchive.__init__": {"executed_lines": [26, 27], "summary": {"covered_lines": 2, "num_statements": 2, "percent_covered": 100.0, "percent_covered_display": "100", "missing_lines": 0, "excluded_lines": 0, "percent_statements_covered": 100.0, "percent_statements_covered_display": "100"}, "missing_lines": [], "excluded_lines": [], "start_line": 25}, "RawArchive.put": {"executed_lines": [30, 32, 33, 34, 35, 36, 37, 38, 40, 41, 42, 43, 44, 45], "summary": {"covered_lines": 14, "num_statements": 15, "percent_covered": 93.33333333333333, "percent_covered_display": "93", "missing_lines": 1, "excluded_lines": 0, "percent_statements_covered": 93.33333333333333, "percent_statements_covered_display": "93"}, "missing_lines": [39], "excluded_lines": [], "start_line": 29}, "RawArchive.get": {"executed_lines": [48, 49, 50, 51, 52, 53, 54, 55, 57], "summary": {"covered_lines": 9, "num_statements": 10, "percent_covered": 90.0, "percent_covered_display": "90", "missing_lines": 1, "excluded_lines": 0, "percent_statements_covered": 90.0, "percent_statements_covered_display": "90"}, "missing_lines": [56], "excluded_lines": [], "start_line": 47}, "ingest_batch": {"executed_lines": [62, 63, 64, 65, 66, 67, 68, 71, 72, 74, 75, 78, 79, 80, 81, 82, 83, 86, 88, 89, 90, 92, 93, 94, 96, 97], "summary": {"covered_lines": 26, "num_statements": 31, "percent_covered": 83.87096774193549, "percent_covered_display": "84", "missing_lines": 5, "excluded_lines": 0, "percent_statements_covered": 83.87096774193549, "percent_statements_covered_display": "84"}, "missing_lines": [69, 70, 84, 85, 87], "excluded_lines": [], "start_line": 60}, "replay_bars": {"executed_lines": [102, 104, 107, 108, 109, 111], "summary": {"covered_lines": 6, "num_statements": 7, "percent_covered": 85.71428571428571, "percent_covered_display": "86", "missing_lines": 1, "excluded_lines": 0, "percent_statements_covered": 85.71428571428571, "percent_statements_covered_display": "86"}, "missing_lines": [103], "excluded_lines": [], "start_line": 100}, "replay_bars.seconds": {"executed_lines": [110], "summary": {"covered_lines": 1, "num_statements": 1, "percent_covered": 100.0, "percent_covered_display": "100", "missing_lines": 0, "excluded_lines": 0, "percent_statements_covered": 100.0, "percent_statements_covered_display": "100"}, "missing_lines": [], "excluded_lines": [], "start_line": 109}, "": {"executed_lines": [2, 4, 5, 6, 7, 8, 9, 10, 11, 13, 14, 16, 17, 18, 20, 23, 25, 29, 47, 60, 100], "summary": {"covered_lines": 21, "num_statements": 21, "percent_covered": 100.0, "percent_covered_display": "100", "missing_lines": 0, "excluded_lines": 0, "percent_statements_covered": 100.0, "percent_statements_covered_display": "100"}, "missing_lines": [], "excluded_lines": [], "start_line": 1}}, "classes": {"RawArchive": {"executed_lines": [26, 27, 30, 32, 33, 34, 35, 36, 37, 38, 40, 41, 42, 43, 44, 45, 48, 49, 50, 51, 52, 53, 54, 55, 57], "summary": {"covered_lines": 25, "num_statements": 27, "percent_covered": 92.5925925925926, "percent_covered_display": "93", "missing_lines": 2, "excluded_lines": 0, "percent_statements_covered": 92.5925925925926, "percent_statements_covered_display": "93"}, "missing_lines": [39, 56], "excluded_lines": [], "start_line": 23}, "": {"executed_lines": [2, 4, 5, 6, 7, 8, 9, 10, 11, 13, 14, 16, 17, 18, 20, 23, 25, 29, 47, 60, 62, 63, 64, 65, 66, 67, 68, 71, 72, 74, 75, 78, 79, 80, 81, 82, 83, 86, 88, 89, 90, 92, 93, 94, 96, 97, 100, 102, 104, 107, 108, 109, 110, 111], "summary": {"covered_lines": 54, "num_statements": 60, "percent_covered": 90.0, "percent_covered_display": "90", "missing_lines": 6, "excluded_lines": 0, "percent_statements_covered": 90.0, "percent_statements_covered_display": "90"}, "missing_lines": [69, 70, 84, 85, 87, 103], "excluded_lines": [], "start_line": 1}}}, "apps/api/selery_api/live_stream.py": {"executed_lines": [], "summary": {"covered_lines": 0, "num_statements": 41, "percent_covered": 0.0, "percent_covered_display": "0", "missing_lines": 41, "excluded_lines": 0, "percent_statements_covered": 0.0, "percent_statements_covered_display": "0"}, "missing_lines": [2, 3, 4, 5, 6, 7, 9, 10, 11, 12, 13, 14, 16, 17, 18, 19, 20, 21, 22, 23, 24, 25, 26, 27, 28, 29, 30, 31, 32, 33, 34, 35, 36, 37, 38, 39, 40, 41, 42, 43, 44], "excluded_lines": [], "functions": {"publish": {"executed_lines": [], "summary": {"covered_lines": 0, "num_statements": 5, "percent_covered": 0.0, "percent_covered_display": "0", "missing_lines": 5, "excluded_lines": 0, "percent_statements_covered": 0.0, "percent_statements_covered_display": "0"}, "missing_lines": [10, 11, 12, 13, 14], "excluded_lines": [], "start_line": 9}, "market_stream": {"executed_lines": [], "summary": {"covered_lines": 0, "num_statements": 28, "percent_covered": 0.0, "percent_covered_display": "0", "missing_lines": 28, "excluded_lines": 0, "percent_statements_covered": 0.0, "percent_statements_covered_display": "0"}, "missing_lines": [17, 18, 19, 20, 21, 22, 23, 24, 25, 26, 27, 28, 29, 30, 31, 32, 33, 34, 35, 36, 37, 38, 39, 40, 41, 42, 43, 44], "excluded_lines": [], "start_line": 16}, "": {"executed_lines": [], "summary": {"covered_lines": 0, "num_statements": 8, "percent_covered": 0.0, "percent_covered_display": "0", "missing_lines": 8, "excluded_lines": 0, "percent_statements_covered": 0.0, "percent_statements_covered_display": "0"}, "missing_lines": [2, 3, 4, 5, 6, 7, 9, 16], "excluded_lines": [], "start_line": 1}}, "classes": {"": {"executed_lines": [], "summary": {"covered_lines": 0, "num_statements": 41, "percent_covered": 0.0, "percent_covered_display": "0", "missing_lines": 41, "excluded_lines": 0, "percent_statements_covered": 0.0, "percent_statements_covered_display": "0"}, "missing_lines": [2, 3, 4, 5, 6, 7, 9, 10, 11, 12, 13, 14, 16, 17, 18, 19, 20, 21, 22, 23, 24, 25, 26, 27, 28, 29, 30, 31, 32, 33, 34, 35, 36, 37, 38, 39, 40, 41, 42, 43, 44], "excluded_lines": [], "start_line": 1}}}, "apps/api/selery_api/main.py": {"executed_lines": [1, 2, 3, 4, 5, 6, 7, 8, 9, 10, 11, 12, 13, 14, 15, 16, 17, 18, 20, 21, 23, 24, 25, 26, 27, 28, 29, 30, 31, 32, 33, 34, 35, 36, 39, 40, 41, 42, 43, 47, 48, 50, 51, 52, 54, 55, 57, 59, 60, 62, 63, 70, 72, 73, 74, 75, 76, 77, 78, 80, 81, 82, 83, 84, 86, 87, 89, 90, 91, 92, 96, 98, 99, 100, 101, 102, 103, 105, 106, 107, 111, 113, 114, 116, 117, 123, 124, 129, 130, 147, 148, 152, 153, 161, 162, 163, 164, 165, 166, 171, 172, 173, 174, 176, 177, 180, 181, 182, 183, 184, 186, 187, 188, 189, 190, 191, 192, 194, 195, 196, 197, 198, 199, 200, 201, 202, 203, 204, 205, 206, 208, 209, 211, 212, 213, 214, 215, 216, 217, 218, 219, 221, 222, 224, 225, 231, 232, 236, 237, 239, 240, 259, 260, 266, 267, 277, 278, 287, 288, 292, 293, 314, 315, 316, 317, 319, 320, 322, 323, 324, 325, 327, 328, 331, 333, 335, 337, 338, 339, 340, 345, 366, 371, 373], "summary": {"covered_lines": 184, "num_statements": 329, "percent_covered": 55.92705167173252, "percent_covered_display": "56", "missing_lines": 145, "excluded_lines": 0, "percent_statements_covered": 55.92705167173252, "percent_statements_covered_display": "56"}, "missing_lines": [37, 38, 44, 45, 46, 64, 65, 66, 67, 68, 93, 94, 95, 108, 109, 110, 118, 119, 120, 121, 125, 126, 127, 131, 132, 133, 134, 135, 136, 137, 138, 139, 140, 141, 142, 143, 144, 145, 149, 150, 154, 155, 156, 157, 158, 159, 167, 168, 169, 170, 178, 226, 227, 228, 229, 233, 234, 241, 242, 243, 244, 245, 246, 247, 248, 249, 250, 251, 252, 253, 254, 256, 257, 261, 262, 263, 264, 268, 269, 270, 271, 272, 273, 274, 275, 279, 280, 281, 282, 283, 284, 285, 289, 290, 294, 295, 296, 297, 298, 299, 300, 301, 302, 303, 304, 305, 306, 307, 308, 309, 310, 311, 312, 318, 321, 326, 329, 330, 341, 342, 343, 344, 346, 347, 348, 349, 350, 351, 352, 353, 354, 355, 356, 357, 358, 359, 360, 361, 362, 363, 364, 365, 367, 368, 370], "excluded_lines": [], "functions": {"create_app": {"executed_lines": [25, 50, 51, 52, 54, 59, 60, 62, 63, 70, 72, 73, 80, 81, 86, 89, 90, 98, 113, 116, 117, 123, 124, 129, 130, 147, 148, 152, 153, 161, 162, 176, 177, 180, 181, 186, 187, 194, 195, 208, 211, 212, 221, 224, 225, 231, 232, 236, 239, 240, 259, 260, 266, 267, 277, 278, 287, 288, 292, 293, 314, 315, 333], "summary": {"covered_lines": 63, "num_statements": 63, "percent_covered": 100.0, "percent_covered_display": "100", "missing_lines": 0, "excluded_lines": 0, "percent_statements_covered": 100.0, "percent_statements_covered_display": "100"}, "missing_lines": [], "excluded_lines": [], "start_line": 23}, "create_app.lifespan": {"executed_lines": [26, 27, 28, 29, 30, 31, 32, 33, 34, 35, 36, 39, 40, 41, 42, 43, 47, 48], "summary": {"covered_lines": 18, "num_statements": 23, "percent_covered": 78.26086956521739, "percent_covered_display": "78", "missing_lines": 5, "excluded_lines": 0, "percent_statements_covered": 78.26086956521739, "percent_statements_covered_display": "78"}, "missing_lines": [37, 38, 44, 45, 46], "excluded_lines": [], "start_line": 25}, "create_app.validation_error": {"executed_lines": [55], "summary": {"covered_lines": 1, "num_statements": 1, "percent_covered": 100.0, "percent_covered_display": "100", "missing_lines": 0, "excluded_lines": 0, "percent_statements_covered": 100.0, "percent_statements_covered_display": "100"}, "missing_lines": [], "excluded_lines": [], "start_line": 55}, "create_app.authorized": {"executed_lines": [57], "summary": {"covered_lines": 1, "num_statements": 1, "percent_covered": 100.0, "percent_covered_display": "100", "missing_lines": 0, "excluded_lines": 0, "percent_statements_covered": 100.0, "percent_statements_covered_display": "100"}, "missing_lines": [], "excluded_lines": [], "start_line": 57}, "create_app.health": {"executed_lines": [], "summary": {"covered_lines": 0, "num_statements": 5, "percent_covered": 0.0, "percent_covered_display": "0", "missing_lines": 5, "excluded_lines": 0, "percent_statements_covered": 0.0, "percent_statements_covered_display": "0"}, "missing_lines": [64, 65, 66, 67, 68], "excluded_lines": [], "start_line": 63}, "create_app.login": {"executed_lines": [74, 75, 76, 77, 78], "summary": {"covered_lines": 5, "num_statements": 5, "percent_covered": 100.0, "percent_covered_display": "100", "missing_lines": 0, "excluded_lines": 0, "percent_statements_covered": 100.0, "percent_statements_covered_display": "100"}, "missing_lines": [], "excluded_lines": [], "start_line": 73}, "create_app.logout": {"executed_lines": [82, 83, 84], "summary": {"covered_lines": 3, "num_statements": 3, "percent_covered": 100.0, "percent_covered_display": "100", "missing_lines": 0, "excluded_lines": 0, "percent_statements_covered": 100.0, "percent_statements_covered_display": "100"}, "missing_lines": [], "excluded_lines": [], "start_line": 81}, "create_app.ticket": {"executed_lines": [87], "summary": {"covered_lines": 1, "num_statements": 1, "percent_covered": 100.0, "percent_covered_display": "100", "missing_lines": 0, "excluded_lines": 0, "percent_statements_covered": 100.0, "percent_statements_covered_display": "100"}, "missing_lines": [], "excluded_lines": [], "start_line": 87}, "create_app.watchlist": {"executed_lines": [91, 92, 96], "summary": {"covered_lines": 3, "num_statements": 6, "percent_covered": 50.0, "percent_covered_display": "50", "missing_lines": 3, "excluded_lines": 0, "percent_statements_covered": 50.0, "percent_statements_covered_display": "50"}, "missing_lines": [93, 94, 95], "excluded_lines": [], "start_line": 90}, "create_app.get_chart": {"executed_lines": [99, 100, 101, 102, 103, 105, 106, 107, 111], "summary": {"covered_lines": 9, "num_statements": 12, "percent_covered": 75.0, "percent_covered_display": "75", "missing_lines": 3, "excluded_lines": 0, "percent_statements_covered": 75.0, "percent_statements_covered_display": "75"}, "missing_lines": [108, 109, 110], "excluded_lines": [], "start_line": 98}, "create_app.chart": {"executed_lines": [114], "summary": {"covered_lines": 1, "num_statements": 1, "percent_covered": 100.0, "percent_covered_display": "100", "missing_lines": 0, "excluded_lines": 0, "percent_statements_covered": 100.0, "percent_statements_covered_display": "100"}, "missing_lines": [], "excluded_lines": [], "start_line": 114}, "create_app.news": {"executed_lines": [], "summary": {"covered_lines": 0, "num_statements": 4, "percent_covered": 0.0, "percent_covered_display": "0", "missing_lines": 4, "excluded_lines": 0, "percent_statements_covered": 0.0, "percent_statements_covered_display": "0"}, "missing_lines": [118, 119, 120, 121], "excluded_lines": [], "start_line": 117}, "create_app.providers": {"executed_lines": [], "summary": {"covered_lines": 0, "num_statements": 3, "percent_covered": 0.0, "percent_covered_display": "0", "missing_lines": 3, "excluded_lines": 0, "percent_statements_covered": 0.0, "percent_statements_covered_display": "0"}, "missing_lines": [125, 126, 127], "excluded_lines": [], "start_line": 124}, "create_app.provider_query": {"executed_lines": [], "summary": {"covered_lines": 0, "num_statements": 15, "percent_covered": 0.0, "percent_covered_display": "0", "missing_lines": 15, "excluded_lines": 0, "percent_statements_covered": 0.0, "percent_statements_covered_display": "0"}, "missing_lines": [131, 132, 133, 134, 135, 136, 137, 138, 139, 140, 141, 142, 143, 144, 145], "excluded_lines": [], "start_line": 130}, "create_app.features": {"executed_lines": [], "summary": {"covered_lines": 0, "num_statements": 2, "percent_covered": 0.0, "percent_covered_display": "0", "missing_lines": 2, "excluded_lines": 0, "percent_statements_covered": 0.0, "percent_statements_covered_display": "0"}, "missing_lines": [149, 150], "excluded_lines": [], "start_line": 148}, "create_app.strategies": {"executed_lines": [], "summary": {"covered_lines": 0, "num_statements": 6, "percent_covered": 0.0, "percent_covered_display": "0", "missing_lines": 6, "excluded_lines": 0, "percent_statements_covered": 0.0, "percent_statements_covered_display": "0"}, "missing_lines": [154, 155, 156, 157, 158, 159], "excluded_lines": [], "start_line": 153}, "create_app.research": {"executed_lines": [163, 164, 165, 166, 171, 172, 173, 174], "summary": {"covered_lines": 8, "num_statements": 12, "percent_covered": 66.66666666666667, "percent_covered_display": "67", "missing_lines": 4, "excluded_lines": 0, "percent_statements_covered": 66.66666666666667, "percent_statements_covered_display": "67"}, "missing_lines": [167, 168, 169, 170], "excluded_lines": [], "start_line": 162}, "create_app.reports": {"executed_lines": [], "summary": {"covered_lines": 0, "num_statements": 1, "percent_covered": 0.0, "percent_covered_display": "0", "missing_lines": 1, "excluded_lines": 0, "percent_statements_covered": 0.0, "percent_statements_covered_display": "0"}, "missing_lines": [178], "excluded_lines": [], "start_line": 177}, "create_app.report": {"executed_lines": [182, 183, 184], "summary": {"covered_lines": 3, "num_statements": 3, "percent_covered": 100.0, "percent_covered_display": "100", "missing_lines": 0, "excluded_lines": 0, "percent_statements_covered": 100.0, "percent_statements_covered_display": "100"}, "missing_lines": [], "excluded_lines": [], "start_line": 181}, "create_app.size": {"executed_lines": [188, 189, 190, 191, 192], "summary": {"covered_lines": 5, "num_statements": 5, "percent_covered": 100.0, "percent_covered_display": "100", "missing_lines": 0, "excluded_lines": 0, "percent_statements_covered": 100.0, "percent_statements_covered_display": "100"}, "missing_lines": [], "excluded_lines": [], "start_line": 187}, "create_app.outcomes": {"executed_lines": [196, 197, 198, 199, 200, 201, 202, 203, 204, 205, 206], "summary": {"covered_lines": 11, "num_statements": 11, "percent_covered": 100.0, "percent_covered_display": "100", "missing_lines": 0, "excluded_lines": 0, "percent_statements_covered": 100.0, "percent_statements_covered_display": "100"}, "missing_lines": [], "excluded_lines": [], "start_line": 195}, "create_app.journal": {"executed_lines": [209], "summary": {"covered_lines": 1, "num_statements": 1, "percent_covered": 100.0, "percent_covered_display": "100", "missing_lines": 0, "excluded_lines": 0, "percent_statements_covered": 100.0, "percent_statements_covered_display": "100"}, "missing_lines": [], "excluded_lines": [], "start_line": 209}, "create_app.save_journal": {"executed_lines": [213, 214, 215, 216, 217, 218, 219], "summary": {"covered_lines": 7, "num_statements": 7, "percent_covered": 100.0, "percent_covered_display": "100", "missing_lines": 0, "excluded_lines": 0, "percent_statements_covered": 100.0, "percent_statements_covered_display": "100"}, "missing_lines": [], "excluded_lines": [], "start_line": 212}, "create_app.alerts": {"executed_lines": [222], "summary": {"covered_lines": 1, "num_statements": 1, "percent_covered": 100.0, "percent_covered_display": "100", "missing_lines": 0, "excluded_lines": 0, "percent_statements_covered": 100.0, "percent_statements_covered_display": "100"}, "missing_lines": [], "excluded_lines": [], "start_line": 222}, "create_app.read_alert": {"executed_lines": [], "summary": {"covered_lines": 0, "num_statements": 4, "percent_covered": 0.0, "percent_covered_display": "0", "missing_lines": 4, "excluded_lines": 0, "percent_statements_covered": 0.0, "percent_statements_covered_display": "0"}, "missing_lines": [226, 227, 228, 229], "excluded_lines": [], "start_line": 225}, "create_app.settings": {"executed_lines": [], "summary": {"covered_lines": 0, "num_statements": 2, "percent_covered": 0.0, "percent_covered_display": "0", "missing_lines": 2, "excluded_lines": 0, "percent_statements_covered": 0.0, "percent_statements_covered_display": "0"}, "missing_lines": [233, 234], "excluded_lines": [], "start_line": 232}, "create_app.jobs": {"executed_lines": [237], "summary": {"covered_lines": 1, "num_statements": 1, "percent_covered": 100.0, "percent_covered_display": "100", "missing_lines": 0, "excluded_lines": 0, "percent_statements_covered": 100.0, "percent_statements_covered_display": "100"}, "missing_lines": [], "excluded_lines": [], "start_line": 237}, "create_app.enqueue_research": {"executed_lines": [], "summary": {"covered_lines": 0, "num_statements": 16, "percent_covered": 0.0, "percent_covered_display": "0", "missing_lines": 16, "excluded_lines": 0, "percent_statements_covered": 0.0, "percent_statements_covered_display": "0"}, "missing_lines": [241, 242, 243, 244, 245, 246, 247, 248, 249, 250, 251, 252, 253, 254, 256, 257], "excluded_lines": [], "start_line": 240}, "create_app.models": {"executed_lines": [], "summary": {"covered_lines": 0, "num_statements": 4, "percent_covered": 0.0, "percent_covered_display": "0", "missing_lines": 4, "excluded_lines": 0, "percent_statements_covered": 0.0, "percent_statements_covered_display": "0"}, "missing_lines": [261, 262, 263, 264], "excluded_lines": [], "start_line": 260}, "create_app.train": {"executed_lines": [], "summary": {"covered_lines": 0, "num_statements": 8, "percent_covered": 0.0, "percent_covered_display": "0", "missing_lines": 8, "excluded_lines": 0, "percent_statements_covered": 0.0, "percent_statements_covered_display": "0"}, "missing_lines": [268, 269, 270, 271, 272, 273, 274, 275], "excluded_lines": [], "start_line": 267}, "create_app.explain_signal": {"executed_lines": [], "summary": {"covered_lines": 0, "num_statements": 7, "percent_covered": 0.0, "percent_covered_display": "0", "missing_lines": 7, "excluded_lines": 0, "percent_statements_covered": 0.0, "percent_statements_covered_display": "0"}, "missing_lines": [279, 280, 281, 282, 283, 284, 285], "excluded_lines": [], "start_line": 278}, "create_app.domain": {"executed_lines": [], "summary": {"covered_lines": 0, "num_statements": 2, "percent_covered": 0.0, "percent_covered_display": "0", "missing_lines": 2, "excluded_lines": 0, "percent_statements_covered": 0.0, "percent_statements_covered_display": "0"}, "missing_lines": [289, 290], "excluded_lines": [], "start_line": 288}, "create_app.chat": {"executed_lines": [], "summary": {"covered_lines": 0, "num_statements": 19, "percent_covered": 0.0, "percent_covered_display": "0", "missing_lines": 19, "excluded_lines": 0, "percent_statements_covered": 0.0, "percent_statements_covered_display": "0"}, "missing_lines": [294, 295, 296, 297, 298, 299, 300, 301, 302, 303, 304, 305, 306, 307, 308, 309, 310, 311, 312], "excluded_lines": [], "start_line": 293}, "create_app.stream": {"executed_lines": [316, 317, 319, 320, 322, 323, 324, 325, 327, 328, 331], "summary": {"covered_lines": 11, "num_statements": 16, "percent_covered": 68.75, "percent_covered_display": "69", "missing_lines": 5, "excluded_lines": 0, "percent_statements_covered": 68.75, "percent_statements_covered_display": "69"}, "missing_lines": [318, 321, 326, 329, 330], "excluded_lines": [], "start_line": 315}, "observe": {"executed_lines": [337, 338, 339, 340, 345, 366, 371], "summary": {"covered_lines": 7, "num_statements": 34, "percent_covered": 20.58823529411765, "percent_covered_display": "21", "missing_lines": 27, "excluded_lines": 0, "percent_statements_covered": 20.58823529411765, "percent_statements_covered_display": "21"}, "missing_lines": [341, 342, 343, 344, 346, 347, 348, 349, 350, 351, 352, 353, 354, 355, 356, 357, 358, 359, 360, 361, 362, 363, 364, 365, 367, 368, 370], "excluded_lines": [], "start_line": 335}, "": {"executed_lines": [1, 2, 3, 4, 5, 6, 7, 8, 9, 10, 11, 12, 13, 14, 15, 16, 17, 18, 20, 21, 23, 24, 335, 373], "summary": {"covered_lines": 24, "num_statements": 24, "percent_covered": 100.0, "percent_covered_display": "100", "missing_lines": 0, "excluded_lines": 0, "percent_statements_covered": 100.0, "percent_statements_covered_display": "100"}, "missing_lines": [], "excluded_lines": [], "start_line": 1}}, "classes": {"create_app.Login": {"executed_lines": [], "summary": {"covered_lines": 0, "num_statements": 0, "percent_covered": 100.0, "percent_covered_display": "100", "missing_lines": 0, "excluded_lines": 0, "percent_statements_covered": 100.0, "percent_statements_covered_display": "100"}, "missing_lines": [], "excluded_lines": [], "start_line": 70}, "": {"executed_lines": [1, 2, 3, 4, 5, 6, 7, 8, 9, 10, 11, 12, 13, 14, 15, 16, 17, 18, 20, 21, 23, 24, 25, 26, 27, 28, 29, 30, 31, 32, 33, 34, 35, 36, 39, 40, 41, 42, 43, 47, 48, 50, 51, 52, 54, 55, 57, 59, 60, 62, 63, 70, 72, 73, 74, 75, 76, 77, 78, 80, 81, 82, 83, 84, 86, 87, 89, 90, 91, 92, 96, 98, 99, 100, 101, 102, 103, 105, 106, 107, 111, 113, 114, 116, 117, 123, 124, 129, 130, 147, 148, 152, 153, 161, 162, 163, 164, 165, 166, 171, 172, 173, 174, 176, 177, 180, 181, 182, 183, 184, 186, 187, 188, 189, 190, 191, 192, 194, 195, 196, 197, 198, 199, 200, 201, 202, 203, 204, 205, 206, 208, 209, 211, 212, 213, 214, 215, 216, 217, 218, 219, 221, 222, 224, 225, 231, 232, 236, 237, 239, 240, 259, 260, 266, 267, 277, 278, 287, 288, 292, 293, 314, 315, 316, 317, 319, 320, 322, 323, 324, 325, 327, 328, 331, 333, 335, 337, 338, 339, 340, 345, 366, 371, 373], "summary": {"covered_lines": 184, "num_statements": 329, "percent_covered": 55.92705167173252, "percent_covered_display": "56", "missing_lines": 145, "excluded_lines": 0, "percent_statements_covered": 55.92705167173252, "percent_statements_covered_display": "56"}, "missing_lines": [37, 38, 44, 45, 46, 64, 65, 66, 67, 68, 93, 94, 95, 108, 109, 110, 118, 119, 120, 121, 125, 126, 127, 131, 132, 133, 134, 135, 136, 137, 138, 139, 140, 141, 142, 143, 144, 145, 149, 150, 154, 155, 156, 157, 158, 159, 167, 168, 169, 170, 178, 226, 227, 228, 229, 233, 234, 241, 242, 243, 244, 245, 246, 247, 248, 249, 250, 251, 252, 253, 254, 256, 257, 261, 262, 263, 264, 268, 269, 270, 271, 272, 273, 274, 275, 279, 280, 281, 282, 283, 284, 285, 289, 290, 294, 295, 296, 297, 298, 299, 300, 301, 302, 303, 304, 305, 306, 307, 308, 309, 310, 311, 312, 318, 321, 326, 329, 330, 341, 342, 343, 344, 346, 347, 348, 349, 350, 351, 352, 353, 354, 355, 356, 357, 358, 359, 360, 361, 362, 363, 364, 365, 367, 368, 370], "excluded_lines": [], "start_line": 1}}}, "apps/api/selery_api/ml.py": {"executed_lines": [3, 4, 5, 6, 7, 8, 9, 11, 12, 13, 14, 15, 16, 17, 18, 19, 20, 22, 31, 32, 34, 35, 36, 39, 41, 43, 44, 45, 46, 47, 48, 49, 52, 53, 65, 67, 70, 71, 72, 73, 74, 76, 77, 78, 85, 88, 90, 92, 93, 94, 96, 97, 98, 99, 102, 103, 104, 106, 107, 109, 110, 121, 122, 123, 125, 128, 129, 130, 131, 132, 133, 134, 135, 136, 137, 140, 141, 142, 143, 145, 146, 176, 184, 185, 186, 197, 198, 199, 200, 202, 203, 204, 207, 208, 209, 212, 213, 214, 216, 223, 224, 227, 228, 229, 231, 234, 236, 242, 244, 245, 246, 247, 248, 253, 254, 255, 256, 258, 259, 260, 261, 271, 272, 273, 274, 280, 281, 282, 283, 284, 285, 289, 290, 314, 324, 327, 328, 329, 330, 335, 336, 337, 338, 339, 345, 349, 350, 351, 356, 357, 364, 365, 369, 370, 372, 373, 383, 384, 386, 387, 388, 389, 390, 391, 392, 393, 394, 395, 396, 397, 398, 401, 402, 410, 411, 418, 420, 421, 424, 426, 427, 428, 429, 430, 431, 433, 434, 435, 444, 447, 448, 467, 468, 473, 476, 477, 478, 480, 481, 483, 484, 485, 486, 489, 491, 492, 496, 497, 500, 501, 502, 503, 504, 511, 512, 514, 515, 517, 518, 519, 520, 521, 522, 523, 525, 526, 528, 531, 599, 600, 601, 602, 614, 616, 617, 618, 625, 626, 627, 628, 629, 631, 634, 635, 637, 638, 639, 640, 641, 642, 643, 644, 645, 646, 648, 649, 650, 651, 654, 655, 657, 658, 659, 660, 662, 665, 672, 673, 674, 675, 676, 678, 683, 684, 685, 686, 687, 691, 692, 695, 696, 697, 698, 710, 711, 717, 718, 719, 720, 722, 723, 724, 725, 726, 727, 728, 738, 739, 740, 741, 747, 748, 749, 750, 751, 752, 753, 754, 755, 759, 762, 788, 802, 803, 806, 808, 809, 810, 811], "summary": {"covered_lines": 319, "num_statements": 427, "percent_covered": 74.7072599531616, "percent_covered_display": "75", "missing_lines": 108, "excluded_lines": 0, "percent_statements_covered": 74.7072599531616, "percent_statements_covered_display": "75"}, "missing_lines": [42, 66, 75, 91, 95, 105, 108, 124, 144, 147, 148, 149, 150, 151, 152, 153, 154, 155, 167, 170, 171, 172, 173, 174, 175, 201, 217, 218, 219, 220, 230, 237, 243, 249, 257, 275, 331, 371, 403, 419, 422, 423, 425, 432, 445, 446, 450, 451, 455, 456, 457, 458, 459, 460, 466, 469, 470, 479, 482, 498, 516, 537, 538, 539, 540, 541, 542, 543, 547, 548, 555, 559, 560, 561, 562, 563, 564, 565, 566, 567, 568, 569, 570, 571, 572, 573, 574, 575, 576, 577, 578, 579, 580, 581, 582, 590, 613, 615, 630, 647, 661, 677, 679, 693, 721, 742, 812, 813], "excluded_lines": [], "functions": {"fractional_difference": {"executed_lines": [41, 43, 44, 45, 46, 47, 48, 49], "summary": {"covered_lines": 8, "num_statements": 9, "percent_covered": 88.88888888888889, "percent_covered_display": "89", "missing_lines": 1, "excluded_lines": 0, "percent_statements_covered": 88.88888888888889, "percent_statements_covered_display": "89"}, "missing_lines": [42], "excluded_lines": [], "start_line": 39}, "_known_bars": {"executed_lines": [53, 65, 67], "summary": {"covered_lines": 3, "num_statements": 4, "percent_covered": 75.0, "percent_covered_display": "75", "missing_lines": 1, "excluded_lines": 0, "percent_statements_covered": 75.0, "percent_statements_covered_display": "75"}, "missing_lines": [66], "excluded_lines": [], "start_line": 52}, "_last_features": {"executed_lines": [71, 72, 73, 74, 76, 77, 78, 85], "summary": {"covered_lines": 8, "num_statements": 9, "percent_covered": 88.88888888888889, "percent_covered_display": "89", "missing_lines": 1, "excluded_lines": 0, "percent_statements_covered": 88.88888888888889, "percent_statements_covered_display": "89"}, "missing_lines": [75], "excluded_lines": [], "start_line": 70}, "feature_rows": {"executed_lines": [90, 92, 93, 94, 96, 97, 98, 99], "summary": {"covered_lines": 8, "num_statements": 10, "percent_covered": 80.0, "percent_covered_display": "80", "missing_lines": 2, "excluded_lines": 0, "percent_statements_covered": 80.0, "percent_statements_covered_display": "80"}, "missing_lines": [91, 95], "excluded_lines": [], "start_line": 88}, "signal_features": {"executed_lines": [103, 104, 106, 107, 109, 110], "summary": {"covered_lines": 6, "num_statements": 8, "percent_covered": 75.0, "percent_covered_display": "75", "missing_lines": 2, "excluded_lines": 0, "percent_statements_covered": 75.0, "percent_statements_covered_display": "75"}, "missing_lines": [105, 108], "excluded_lines": [], "start_line": 102}, "save_feature_snapshot": {"executed_lines": [122, 123, 125, 128, 129, 130, 131, 132, 133, 134, 135, 136, 137], "summary": {"covered_lines": 13, "num_statements": 14, "percent_covered": 92.85714285714286, "percent_covered_display": "93", "missing_lines": 1, "excluded_lines": 0, "percent_statements_covered": 92.85714285714286, "percent_statements_covered_display": "93"}, "missing_lines": [124], "excluded_lines": [], "start_line": 121}, "meta_dataset": {"executed_lines": [141, 142, 143, 145, 146, 176], "summary": {"covered_lines": 6, "num_statements": 23, "percent_covered": 26.08695652173913, "percent_covered_display": "26", "missing_lines": 17, "excluded_lines": 0, "percent_statements_covered": 26.08695652173913, "percent_statements_covered_display": "26"}, "missing_lines": [144, 147, 148, 149, 150, 151, 152, 153, 154, 155, 167, 170, 171, 172, 173, 174, 175], "excluded_lines": [], "start_line": 140}, "purged_walk_forward": {"executed_lines": [185, 186, 197, 198, 199, 200, 202, 203, 204], "summary": {"covered_lines": 9, "num_statements": 10, "percent_covered": 90.0, "percent_covered_display": "90", "missing_lines": 1, "excluded_lines": 0, "percent_statements_covered": 90.0, "percent_statements_covered_display": "90"}, "missing_lines": [201], "excluded_lines": [], "start_line": 184}, "reliability": {"executed_lines": [208, 209], "summary": {"covered_lines": 2, "num_statements": 2, "percent_covered": 100.0, "percent_covered_display": "100", "missing_lines": 0, "excluded_lines": 0, "percent_statements_covered": 100.0, "percent_statements_covered_display": "100"}, "missing_lines": [], "excluded_lines": [], "start_line": 207}, "_complex_model": {"executed_lines": [213, 214, 216], "summary": {"covered_lines": 3, "num_statements": 7, "percent_covered": 42.857142857142854, "percent_covered_display": "43", "missing_lines": 4, "excluded_lines": 0, "percent_statements_covered": 42.857142857142854, "percent_statements_covered_display": "43"}, "missing_lines": [217, 218, 219, 220], "excluded_lines": [], "start_line": 212}, "_baseline": {"executed_lines": [224], "summary": {"covered_lines": 1, "num_statements": 1, "percent_covered": 100.0, "percent_covered_display": "100", "missing_lines": 0, "excluded_lines": 0, "percent_statements_covered": 100.0, "percent_statements_covered_display": "100"}, "missing_lines": [], "excluded_lines": [], "start_line": 223}, "calibrate_oof": {"executed_lines": [228, 229, 231], "summary": {"covered_lines": 3, "num_statements": 4, "percent_covered": 75.0, "percent_covered_display": "75", "missing_lines": 1, "excluded_lines": 0, "percent_statements_covered": 75.0, "percent_statements_covered_display": "75"}, "missing_lines": [230], "excluded_lines": [], "start_line": 227}, "fit_meta_dataset": {"executed_lines": [236, 242, 244, 245, 246, 247, 248, 253, 254, 255, 256, 258, 259, 260, 261, 271, 272, 273, 274, 280, 281, 282, 283, 284, 285, 289, 290, 314, 324], "summary": {"covered_lines": 29, "num_statements": 34, "percent_covered": 85.29411764705883, "percent_covered_display": "85", "missing_lines": 5, "excluded_lines": 0, "percent_statements_covered": 85.29411764705883, "percent_statements_covered_display": "85"}, "missing_lines": [237, 243, 249, 257, 275], "excluded_lines": [], "start_line": 234}, "train_meta": {"executed_lines": [328, 329, 330, 335, 336, 337, 338, 339, 345, 349, 350, 351, 356, 357, 364, 365, 369, 370, 372, 373, 383, 384, 386, 387, 388, 389, 390, 391, 392, 393, 394, 395, 396, 397, 398], "summary": {"covered_lines": 35, "num_statements": 37, "percent_covered": 94.5945945945946, "percent_covered_display": "95", "missing_lines": 2, "excluded_lines": 0, "percent_statements_covered": 94.5945945945946, "percent_statements_covered_display": "95"}, "missing_lines": [331, 371], "excluded_lines": [], "start_line": 327}, "predict_signal": {"executed_lines": [402, 410, 411, 418, 420, 421, 424, 426, 427, 428, 429, 430, 431, 433, 434, 435, 444, 447, 448, 467, 468, 473], "summary": {"covered_lines": 22, "num_statements": 40, "percent_covered": 55.0, "percent_covered_display": "55", "missing_lines": 18, "excluded_lines": 0, "percent_statements_covered": 55.0, "percent_statements_covered_display": "55"}, "missing_lines": [403, 419, 422, 423, 425, 432, 445, 446, 450, 455, 456, 457, 458, 459, 460, 466, 469, 470], "excluded_lines": [], "start_line": 401}, "predict_signal.calibrated": {"executed_lines": [], "summary": {"covered_lines": 0, "num_statements": 1, "percent_covered": 0.0, "percent_covered_display": "0", "missing_lines": 1, "excluded_lines": 0, "percent_statements_covered": 0.0, "percent_statements_covered_display": "0"}, "missing_lines": [451], "excluded_lines": [], "start_line": 450}, "drift_score": {"executed_lines": [477, 478, 480, 481, 483, 484, 485, 486], "summary": {"covered_lines": 8, "num_statements": 10, "percent_covered": 80.0, "percent_covered_display": "80", "missing_lines": 2, "excluded_lines": 0, "percent_statements_covered": 80.0, "percent_statements_covered_display": "80"}, "missing_lines": [479, 482], "excluded_lines": [], "start_line": 476}, "sequence_model": {"executed_lines": [491, 492, 496, 497, 500, 501, 514, 528], "summary": {"covered_lines": 8, "num_statements": 9, "percent_covered": 88.88888888888889, "percent_covered_display": "89", "missing_lines": 1, "excluded_lines": 0, "percent_statements_covered": 88.88888888888889, "percent_statements_covered_display": "89"}, "missing_lines": [498], "excluded_lines": [], "start_line": 489}, "sequence_model.SequenceMeta.__init__": {"executed_lines": [502, 503, 504, 511, 512], "summary": {"covered_lines": 5, "num_statements": 5, "percent_covered": 100.0, "percent_covered_display": "100", "missing_lines": 0, "excluded_lines": 0, "percent_statements_covered": 100.0, "percent_statements_covered_display": "100"}, "missing_lines": [], "excluded_lines": [], "start_line": 501}, "sequence_model.SequenceMeta.forward": {"executed_lines": [515, 517, 518, 519, 520, 521, 522, 523, 525, 526], "summary": {"covered_lines": 10, "num_statements": 11, "percent_covered": 90.9090909090909, "percent_covered_display": "91", "missing_lines": 1, "excluded_lines": 0, "percent_statements_covered": 90.9090909090909, "percent_statements_covered_display": "91"}, "missing_lines": [516], "excluded_lines": [], "start_line": 514}, "_validate_sequence_unlocked": {"executed_lines": [], "summary": {"covered_lines": 0, "num_statements": 35, "percent_covered": 0.0, "percent_covered_display": "0", "missing_lines": 35, "excluded_lines": 0, "percent_statements_covered": 0.0, "percent_statements_covered_display": "0"}, "missing_lines": [537, 538, 539, 540, 541, 542, 543, 547, 548, 555, 559, 560, 561, 562, 563, 564, 565, 566, 567, 568, 569, 570, 571, 572, 573, 574, 575, 576, 577, 578, 579, 580, 581, 582, 590], "excluded_lines": [], "start_line": 531}, "_sequence_training_data": {"executed_lines": [600, 601, 602, 614, 616, 617, 618, 625, 626, 627, 628, 629, 631], "summary": {"covered_lines": 13, "num_statements": 16, "percent_covered": 81.25, "percent_covered_display": "81", "missing_lines": 3, "excluded_lines": 0, "percent_statements_covered": 81.25, "percent_statements_covered_display": "81"}, "missing_lines": [613, 615, 630], "excluded_lines": [], "start_line": 599}, "_fit_sequence_candidate": {"executed_lines": [635, 637, 638, 639, 640, 641, 642, 643, 644, 645, 646, 648, 649, 650, 651], "summary": {"covered_lines": 15, "num_statements": 16, "percent_covered": 93.75, "percent_covered_display": "94", "missing_lines": 1, "excluded_lines": 0, "percent_statements_covered": 93.75, "percent_statements_covered_display": "94"}, "missing_lines": [647], "excluded_lines": [], "start_line": 634}, "_sequence_probabilities": {"executed_lines": [655, 657, 658, 659, 660, 662], "summary": {"covered_lines": 6, "num_statements": 7, "percent_covered": 85.71428571428571, "percent_covered_display": "86", "missing_lines": 1, "excluded_lines": 0, "percent_statements_covered": 85.71428571428571, "percent_statements_covered_display": "86"}, "missing_lines": [661], "excluded_lines": [],
[...]
ed_display": "100", "missing_lines": 0, "excluded_lines": 0, "percent_statements_covered": 100.0, "percent_statements_covered_display": "100"}, "missing_lines": [], "excluded_lines": [], "start_line": 49}, "alpha_catalog": {"executed_lines": [59], "summary": {"covered_lines": 1, "num_statements": 1, "percent_covered": 100.0, "percent_covered_display": "100", "missing_lines": 0, "excluded_lines": 0, "percent_statements_covered": 100.0, "percent_statements_covered_display": "100"}, "missing_lines": [], "excluded_lines": [], "start_line": 58}, "rank": {"executed_lines": [64], "summary": {"covered_lines": 1, "num_statements": 1, "percent_covered": 100.0, "percent_covered_display": "100", "missing_lines": 0, "excluded_lines": 0, "percent_statements_covered": 100.0, "percent_statements_covered_display": "100"}, "missing_lines": [], "excluded_lines": [], "start_line": 64}, "delay": {"executed_lines": [65], "summary": {"covered_lines": 1, "num_statements": 1, "percent_covered": 100.0, "percent_covered_display": "100", "missing_lines": 0, "excluded_lines": 0, "percent_statements_covered": 100.0, "percent_statements_covered_display": "100"}, "missing_lines": [], "excluded_lines": [], "start_line": 65}, "delta": {"executed_lines": [66], "summary": {"covered_lines": 1, "num_statements": 1, "percent_covered": 100.0, "percent_covered_display": "100", "missing_lines": 0, "excluded_lines": 0, "percent_statements_covered": 100.0, "percent_statements_covered_display": "100"}, "missing_lines": [], "excluded_lines": [], "start_line": 66}, "ts_sum": {"executed_lines": [67], "summary": {"covered_lines": 1, "num_statements": 1, "percent_covered": 100.0, "percent_covered_display": "100", "missing_lines": 0, "excluded_lines": 0, "percent_statements_covered": 100.0, "percent_statements_covered_display": "100"}, "missing_lines": [], "excluded_lines": [], "start_line": 67}, "mean": {"executed_lines": [68], "summary": {"covered_lines": 1, "num_statements": 1, "percent_covered": 100.0, "percent_covered_display": "100", "missing_lines": 0, "excluded_lines": 0, "percent_statements_covered": 100.0, "percent_statements_covered_display": "100"}, "missing_lines": [], "excluded_lines": [], "start_line": 68}, "std": {"executed_lines": [69], "summary": {"covered_lines": 1, "num_statements": 1, "percent_covered": 100.0, "percent_covered_display": "100", "missing_lines": 0, "excluded_lines": 0, "percent_statements_covered": 100.0, "percent_statements_covered_display": "100"}, "missing_lines": [], "excluded_lines": [], "start_line": 69}, "low": {"executed_lines": [70], "summary": {"covered_lines": 1, "num_statements": 1, "percent_covered": 100.0, "percent_covered_display": "100", "missing_lines": 0, "excluded_lines": 0, "percent_statements_covered": 100.0, "percent_statements_covered_display": "100"}, "missing_lines": [], "excluded_lines": [], "start_line": 70}, "high": {"executed_lines": [71], "summary": {"covered_lines": 1, "num_statements": 1, "percent_covered": 100.0, "percent_covered_display": "100", "missing_lines": 0, "excluded_lines": 0, "percent_statements_covered": 100.0, "percent_statements_covered_display": "100"}, "missing_lines": [], "excluded_lines": [], "start_line": 71}, "corr": {"executed_lines": [72], "summary": {"covered_lines": 1, "num_statements": 1, "percent_covered": 100.0, "percent_covered_display": "100", "missing_lines": 0, "excluded_lines": 0, "percent_statements_covered": 100.0, "percent_statements_covered_display": "100"}, "missing_lines": [], "excluded_lines": [], "start_line": 72}, "cov": {"executed_lines": [73], "summary": {"covered_lines": 1, "num_statements": 1, "percent_covered": 100.0, "percent_covered_display": "100", "missing_lines": 0, "excluded_lines": 0, "percent_statements_covered": 100.0, "percent_statements_covered_display": "100"}, "missing_lines": [], "excluded_lines": [], "start_line": 73}, "ts_rank": {"executed_lines": [74], "summary": {"covered_lines": 1, "num_statements": 1, "percent_covered": 100.0, "percent_covered_display": "100", "missing_lines": 0, "excluded_lines": 0, "percent_statements_covered": 100.0, "percent_statements_covered_display": "100"}, "missing_lines": [], "excluded_lines": [], "start_line": 74}, "argmax": {"executed_lines": [75], "summary": {"covered_lines": 1, "num_statements": 1, "percent_covered": 100.0, "percent_covered_display": "100", "missing_lines": 0, "excluded_lines": 0, "percent_statements_covered": 100.0, "percent_statements_covered_display": "100"}, "missing_lines": [], "excluded_lines": [], "start_line": 75}, "scale": {"executed_lines": [76], "summary": {"covered_lines": 1, "num_statements": 1, "percent_covered": 100.0, "percent_covered_display": "100", "missing_lines": 0, "excluded_lines": 0, "percent_statements_covered": 100.0, "percent_statements_covered_display": "100"}, "missing_lines": [], "excluded_lines": [], "start_line": 76}, "div": {"executed_lines": [77], "summary": {"covered_lines": 1, "num_statements": 1, "percent_covered": 100.0, "percent_covered_display": "100", "missing_lines": 0, "excluded_lines": 0, "percent_statements_covered": 100.0, "percent_statements_covered_display": "100"}, "missing_lines": [], "excluded_lines": [], "start_line": 77}, "choose": {"executed_lines": [78], "summary": {"covered_lines": 1, "num_statements": 1, "percent_covered": 100.0, "percent_covered_display": "100", "missing_lines": 0, "excluded_lines": 0, "percent_statements_covered": 100.0, "percent_statements_covered_display": "100"}, "missing_lines": [], "excluded_lines": [], "start_line": 78}, "decay": {"executed_lines": [82, 83], "summary": {"covered_lines": 2, "num_statements": 2, "percent_covered": 100.0, "percent_covered_display": "100", "missing_lines": 0, "excluded_lines": 0, "percent_statements_covered": 100.0, "percent_statements_covered_display": "100"}, "missing_lines": [], "excluded_lines": [], "start_line": 81}, "product": {"executed_lines": [84], "summary": {"covered_lines": 1, "num_statements": 1, "percent_covered": 100.0, "percent_covered_display": "100", "missing_lines": 0, "excluded_lines": 0, "percent_statements_covered": 100.0, "percent_statements_covered_display": "100"}, "missing_lines": [], "excluded_lines": [], "start_line": 84}, "argmin": {"executed_lines": [85], "summary": {"covered_lines": 1, "num_statements": 1, "percent_covered": 100.0, "percent_covered_display": "100", "missing_lines": 0, "excluded_lines": 0, "percent_statements_covered": 100.0, "percent_statements_covered_display": "100"}, "missing_lines": [], "excluded_lines": [], "start_line": 85}, "neutral": {"executed_lines": [87, 88, 89, 90, 91, 92, 93], "summary": {"covered_lines": 7, "num_statements": 7, "percent_covered": 100.0, "percent_covered_display": "100", "missing_lines": 0, "excluded_lines": 0, "percent_statements_covered": 100.0, "percent_statements_covered_display": "100"}, "missing_lines": [], "excluded_lines": [], "start_line": 86}, "compute_formula": {"executed_lines": [97, 98, 99, 100, 101, 102, 103, 104, 105, 106, 107, 108, 109, 110, 111, 112, 113, 114, 115, 116, 117, 118, 119, 120, 121, 122, 123, 124, 125, 126, 127, 128, 129, 130, 131, 132, 133, 134, 135, 136, 137, 138, 139, 140, 141, 142, 143, 144, 145, 146, 147, 148, 149, 150, 151, 152, 153, 154, 155, 156, 157, 158, 159, 160, 161, 162, 163, 164, 165, 166, 167, 168, 169, 170, 171, 172, 173, 174, 175, 176, 177, 178, 179, 180, 181, 182, 183, 184, 185, 186, 187, 188, 189, 190, 191], "summary": {"covered_lines": 95, "num_statements": 96, "percent_covered": 98.95833333333333, "percent_covered_display": "99", "missing_lines": 1, "excluded_lines": 0, "percent_statements_covered": 98.95833333333333, "percent_statements_covered_display": "99"}, "missing_lines": [192], "excluded_lines": [], "start_line": 96}, "alpha_features": {"executed_lines": [197, 198, 199, 200, 201, 203, 204, 206, 207, 208, 209, 210, 211, 212, 213, 214, 215, 216, 217, 218, 219, 220, 221, 222, 223, 224, 225, 226, 227, 228, 229, 230, 231, 232, 233, 234, 235, 236, 237, 238, 239, 240, 241, 242, 243, 244, 245, 246], "summary": {"covered_lines": 48, "num_statements": 50, "percent_covered": 96.0, "percent_covered_display": "96", "missing_lines": 2, "excluded_lines": 0, "percent_statements_covered": 96.0, "percent_statements_covered_display": "96"}, "missing_lines": [202, 205], "excluded_lines": [], "start_line": 195}, "information_coefficient_decay": {"executed_lines": [256, 257, 258, 259, 260, 261, 262, 263, 264, 265, 266, 267, 268, 269, 270, 271, 272, 273, 274, 275, 276, 277, 278, 279, 280, 281, 282, 283, 284], "summary": {"covered_lines": 29, "num_statements": 29, "percent_covered": 100.0, "percent_covered_display": "100", "missing_lines": 0, "excluded_lines": 0, "percent_statements_covered": 100.0, "percent_statements_covered_display": "100"}, "missing_lines": [], "excluded_lines": [], "start_line": 249}, "": {"executed_lines": [6, 7, 8, 9, 10, 11, 12, 15, 16, 17, 18, 19, 20, 22, 23, 24, 25, 26, 27, 28, 29, 30, 31, 32, 33, 34, 36, 37, 38, 39, 40, 41, 42, 43, 44, 45, 46, 49, 58, 81, 86, 96, 195, 249], "summary": {"covered_lines": 44, "num_statements": 44, "percent_covered": 100.0, "percent_covered_display": "100", "missing_lines": 0, "excluded_lines": 0, "percent_statements_covered": 100.0, "percent_statements_covered_display": "100"}, "missing_lines": [], "excluded_lines": [], "start_line": 1}}, "classes": {"AlphaObservation": {"executed_lines": [], "summary": {"covered_lines": 0, "num_statements": 0, "percent_covered": 100.0, "percent_covered_display": "100", "missing_lines": 0, "excluded_lines": 0, "percent_statements_covered": 100.0, "percent_statements_covered_display": "100"}, "missing_lines": [], "excluded_lines": [], "start_line": 23}, "AlphaResult": {"executed_lines": [], "summary": {"covered_lines": 0, "num_statements": 0, "percent_covered": 100.0, "percent_covered_display": "100", "missing_lines": 0, "excluded_lines": 0, "percent_statements_covered": 100.0, "percent_statements_covered_display": "100"}, "missing_lines": [], "excluded_lines": [], "start_line": 37}, "": {"executed_lines": [6, 7, 8, 9, 10, 11, 12, 15, 16, 17, 18, 19, 20, 22, 23, 24, 25, 26, 27, 28, 29, 30, 31, 32, 33, 34, 36, 37, 38, 39, 40, 41, 42, 43, 44, 45, 46, 49, 50, 51, 52, 53, 54, 55, 58, 59, 64, 65, 66, 67, 68, 69, 70, 71, 72, 73, 74, 75, 76, 77, 78, 81, 82, 83, 84, 85, 86, 87, 88, 89, 90, 91, 92, 93, 96, 97, 98, 99, 100, 101, 102, 103, 104, 105, 106, 107, 108, 109, 110, 111, 112, 113, 114, 115, 116, 117, 118, 119, 120, 121, 122, 123, 124, 125, 126, 127, 128, 129, 130, 131, 132, 133, 134, 135, 136, 137, 138, 139, 140, 141, 142, 143, 144, 145, 146, 147, 148, 149, 150, 151, 152, 153, 154, 155, 156, 157, 158, 159, 160, 161, 162, 163, 164, 165, 166, 167, 168, 169, 170, 171, 172, 173, 174, 175, 176, 177, 178, 179, 180, 181, 182, 183, 184, 185, 186, 187, 188, 189, 190, 191, 195, 197, 198, 199, 200, 201, 203, 204, 206, 207, 208, 209, 210, 211, 212, 213, 214, 215, 216, 217, 218, 219, 220, 221, 222, 223, 224, 225, 226, 227, 228, 229, 230, 231, 232, 233, 234, 235, 236, 237, 238, 239, 240, 241, 242, 243, 244, 245, 246, 249, 256, 257, 258, 259, 260, 261, 262, 263, 264, 265, 266, 267, 268, 269, 270, 271, 272, 273, 274, 275, 276, 277, 278, 279, 280, 281, 282, 283, 284], "summary": {"covered_lines": 249, "num_statements": 252, "percent_covered": 98.80952380952381, "percent_covered_display": "99", "missing_lines": 3, "excluded_lines": 0, "percent_statements_covered": 98.80952380952381, "percent_statements_covered_display": "99"}, "missing_lines": [192, 202, 205], "excluded_lines": [], "start_line": 1}}}, "packages/strategies/python/selery_strategies/baseline.py": {"executed_lines": [2, 3, 4, 6, 7, 8, 9, 10, 11, 12, 13, 14, 15, 16, 17, 18, 19, 20], "summary": {"covered_lines": 18, "num_statements": 18, "percent_covered": 100.0, "percent_covered_display": "100", "missing_lines": 0, "excluded_lines": 0, "percent_statements_covered": 100.0, "percent_statements_covered_display": "100"}, "missing_lines": [], "excluded_lines": [], "functions": {"EmaCross.evaluate": {"executed_lines": [9, 10, 11, 12, 13, 14, 15, 16, 17, 18, 19, 20], "summary": {"covered_lines": 12, "num_statements": 12, "percent_covered": 100.0, "percent_covered_display": "100", "missing_lines": 0, "excluded_lines": 0, "percent_statements_covered": 100.0, "percent_statements_covered_display": "100"}, "missing_lines": [], "excluded_lines": [], "start_line": 8}, "": {"executed_lines": [2, 3, 4, 6, 7, 8], "summary": {"covered_lines": 6, "num_statements": 6, "percent_covered": 100.0, "percent_covered_display": "100", "missing_lines": 0, "excluded_lines": 0, "percent_statements_covered": 100.0, "percent_statements_covered_display": "100"}, "missing_lines": [], "excluded_lines": [], "start_line": 1}}, "classes": {"EmaCross": {"executed_lines": [9, 10, 11, 12, 13, 14, 15, 16, 17, 18, 19, 20], "summary": {"covered_lines": 12, "num_statements": 12, "percent_covered": 100.0, "percent_covered_display": "100", "missing_lines": 0, "excluded_lines": 0, "percent_statements_covered": 100.0, "percent_statements_covered_display": "100"}, "missing_lines": [], "excluded_lines": [], "start_line": 6}, "": {"executed_lines": [2, 3, 4, 6, 7, 8], "summary": {"covered_lines": 6, "num_statements": 6, "percent_covered": 100.0, "percent_covered_display": "100", "missing_lines": 0, "excluded_lines": 0, "percent_statements_covered": 100.0, "percent_statements_covered_display": "100"}, "missing_lines": [], "excluded_lines": [], "start_line": 1}}}, "packages/strategies/python/selery_strategies/library.py": {"executed_lines": [5, 7, 8, 9, 10, 12, 13, 16, 17, 18, 19, 21, 22, 23, 24, 25, 26, 27, 30, 32, 33, 40, 42, 43, 44, 45, 46, 47, 48, 49, 50, 51, 52, 53, 54, 55, 56, 57, 58, 59, 60, 61, 64, 65, 66, 67, 68, 69, 70, 71, 72, 73, 74, 75, 76, 77, 78, 79, 81, 82, 83, 84, 85, 86, 87, 90, 91, 92, 94, 95, 96, 97, 98, 99, 100, 101, 102, 103, 104, 105, 106, 107, 108, 109, 110, 111, 112, 113, 114, 115, 116, 117, 118, 119, 120, 121, 122, 123, 124, 125, 126, 127, 128, 131, 132, 133, 134, 136, 137, 138, 139, 140, 141, 142, 143, 144, 145, 146, 147, 148, 149, 150, 151, 152, 153, 154, 155, 156, 157, 158, 161, 162, 163, 164, 165, 166, 167, 168, 169, 170, 171, 172, 173, 174, 177, 191, 192, 197, 198, 199, 201, 202], "summary": {"covered_lines": 152, "num_statements": 158, "percent_covered": 96.20253164556962, "percent_covered_display": "96", "missing_lines": 6, "excluded_lines": 0, "percent_statements_covered": 96.20253164556962, "percent_statements_covered_display": "96"}, "missing_lines": [20, 129, 130, 159, 160, 200], "excluded_lines": [], "functions": {"validate_bars": {"executed_lines": [17, 18, 19, 21, 22, 23, 24, 25, 26, 27], "summary": {"covered_lines": 10, "num_statements": 11, "percent_covered": 90.9090909090909, "percent_covered_display": "91", "missing_lines": 1, "excluded_lines": 0, "percent_statements_covered": 90.9090909090909, "percent_statements_covered_display": "91"}, "missing_lines": [20], "excluded_lines": [], "start_line": 16}, "make_signal": {"executed_lines": [32, 33], "summary": {"covered_lines": 2, "num_statements": 2, "percent_covered": 100.0, "percent_covered_display": "100", "missing_lines": 0, "excluded_lines": 0, "percent_statements_covered": 100.0, "percent_statements_covered_display": "100"}, "missing_lines": [], "excluded_lines": [], "start_line": 30}, "adx": {"executed_lines": [42, 43, 44, 45, 46, 47, 48, 49, 50, 51, 52, 53, 54, 55, 56, 57, 58, 59, 60, 61], "summary": {"covered_lines": 20, "num_statements": 20, "percent_covered": 100.0, "percent_covered_display": "100", "missing_lines": 0, "excluded_lines": 0, "percent_statements_covered": 100.0, "percent_statements_covered_display": "100"}, "missing_lines": [], "excluded_lines": [], "start_line": 40}, "psar": {"executed_lines": [65, 66, 67, 68, 69, 70, 71, 72, 73, 74, 75, 76, 77, 78, 79, 81, 82, 83, 84, 85, 86, 87], "summary": {"covered_lines": 22, "num_statements": 22, "percent_covered": 100.0, "percent_covered_display": "100", "missing_lines": 0, "excluded_lines": 0, "percent_statements_covered": 100.0, "percent_statements_covered_display": "100"}, "missing_lines": [], "excluded_lines": [], "start_line": 64}, "PriceStrategy.__init__": {"executed_lines": [92], "summary": {"covered_lines": 1, "num_statements": 1, "percent_covered": 100.0, "percent_covered_display": "100", "missing_lines": 0, "excluded_lines": 0, "percent_statements_covered": 100.0, "percent_statements_covered_display": "100"}, "missing_lines": [], "excluded_lines": [], "start_line": 91}, "PriceStrategy.evaluate": {"executed_lines": [95, 96, 97, 98, 99, 100, 101, 102, 103, 104, 105, 106, 107, 108, 109, 110, 111, 112, 113, 114, 115, 116, 117, 118, 119, 120, 121, 122, 123, 124, 125, 126, 127, 128, 131, 132, 133, 134, 136, 137, 138, 139, 140, 141, 142, 143, 144, 145, 146, 147, 148, 149, 150, 151, 152, 153, 154, 155, 156, 157, 158, 161, 162, 163, 164, 165, 166, 167, 168, 169, 170, 171, 172, 173, 174], "summary": {"covered_lines": 75, "num_statements": 79, "percent_covered": 94.9367088607595, "percent_covered_display": "95", "missing_lines": 4, "excluded_lines": 0, "percent_statements_covered": 94.9367088607595, "percent_statements_covered_display": "95"}, "missing_lines": [129, 130, 159, 160], "excluded_lines": [], "start_line": 94}, "strategy_catalog": {"executed_lines": [192], "summary": {"covered_lines": 1, "num_statements": 1, "percent_covered": 100.0, "percent_covered_display": "100", "missing_lines": 0, "excluded_lines": 0, "percent_statements_covered": 100.0, "percent_statements_covered_display": "100"}, "missing_lines": [], "excluded_lines": [], "start_line": 191}, "get_strategy": {"executed_lines": [198, 199, 201, 202], "summary": {"covered_lines": 4, "num_statements": 5, "percent_covered": 80.0, "percent_covered_display": "80", "missing_lines": 1, "excluded_lines": 0, "percent_statements_covered": 80.0, "percent_statements_covered_display": "80"}, "missing_lines": [200], "excluded_lines": [], "start_line": 197}, "": {"executed_lines": [5, 7, 8, 9, 10, 12, 13, 16, 30, 40, 64, 90, 91, 94, 177, 191, 197], "summary": {"covered_lines": 17, "num_statements": 17, "percent_covered": 100.0, "percent_covered_display": "100", "missing_lines": 0, "excluded_lines": 0, "percent_statements_covered": 100.0, "percent_statements_covered_display": "100"}, "missing_lines": [], "excluded_lines": [], "start_line": 1}}, "classes": {"PriceStrategy": {"executed_lines": [92, 95, 96, 97, 98, 99, 100, 101, 102, 103, 104, 105, 106, 107, 108, 109, 110, 111, 112, 113, 114, 115, 116, 117, 118, 119, 120, 121, 122, 123, 124, 125, 126, 127, 128, 131, 132, 133, 134, 136, 137, 138, 139, 140, 141, 142, 143, 144, 145, 146, 147, 148, 149, 150, 151, 152, 153, 154, 155, 156, 157, 158, 161, 162, 163, 164, 165, 166, 167, 168, 169, 170, 171, 172, 173, 174], "summary": {"covered_lines": 76, "num_statements": 80, "percent_covered": 95.0, "percent_covered_display": "95", "missing_lines": 4, "excluded_lines": 0, "percent_statements_covered": 95.0, "percent_statements_covered_display": "95"}, "missing_lines": [129, 130, 159, 160], "excluded_lines": [], "start_line": 90}, "": {"executed_lines": [5, 7, 8, 9, 10, 12, 13, 16, 17, 18, 19, 21, 22, 23, 24, 25, 26, 27, 30, 32, 33, 40, 42, 43, 44, 45, 46, 47, 48, 49, 50, 51, 52, 53, 54, 55, 56, 57, 58, 59, 60, 61, 64, 65, 66, 67, 68, 69, 70, 71, 72, 73, 74, 75, 76, 77, 78, 79, 81, 82, 83, 84, 85, 86, 87, 90, 91, 94, 177, 191, 192, 197, 198, 199, 201, 202], "summary": {"covered_lines": 76, "num_statements": 78, "percent_covered": 97.43589743589743, "percent_covered_display": "97", "missing_lines": 2, "excluded_lines": 0, "percent_statements_covered": 97.43589743589743, "percent_statements_covered_display": "97"}, "missing_lines": [20, 200], "excluded_lines": [], "start_line": 1}}}}, "totals": {"covered_lines": 2859, "num_statements": 3572, "percent_covered": 80.03919372900336, "percent_covered_display": "80", "missing_lines": 713, "excluded_lines": 8, "percent_statements_covered": 80.03919372900336, "percent_statements_covered_display": "80"}}